INFO - 2024-03-04 01:14:09 --> Session: Class initialized using 'CodeIgniter\Session\Handlers\FileHandler' driver.
WARNING - 2024-03-04 01:14:09 --> [DEPRECATED] Creation of dynamic property CodeIgniter\View\View::$session is deprecated in APPPATH\Views\Layout\Base.php on line 6.
 1 SYSTEMPATH\View\View.php(228): include('D:\\Made\\Website galeri Kanvasa\\app\\Views\\Layout\\Base.php')
 2 SYSTEMPATH\View\View.php(231): CodeIgniter\View\View->CodeIgniter\View\{closure}()
 3 SYSTEMPATH\View\View.php(244): CodeIgniter\View\View->render('Layout/Base', [], true)
 4 SYSTEMPATH\Common.php(1178): CodeIgniter\View\View->render('beranda', [], true)
 5 APPPATH\Controllers\Home.php(38): view('beranda', [...])
 6 SYSTEMPATH\CodeIgniter.php(941): App\Controllers\Home->index()
 7 SYSTEMPATH\CodeIgniter.php(502): CodeIgniter\CodeIgniter->runController(Object(App\Controllers\Home))
 8 SYSTEMPATH\CodeIgniter.php(361): CodeIgniter\CodeIgniter->handleRequest(null, Object(Config\Cache), false)
 9 FCPATH\index.php(79): CodeIgniter\CodeIgniter->run()
10 SYSTEMPATH\Commands\Server\rewrite.php(47): require_once('D:\\Made\\Website galeri Kanvasa\\public\\index.php')
INFO - 2024-03-04 01:14:14 --> Session: Class initialized using 'CodeIgniter\Session\Handlers\FileHandler' driver.
WARNING - 2024-03-04 01:14:14 --> [DEPRECATED] Creation of dynamic property CodeIgniter\View\View::$session is deprecated in APPPATH\Views\Layout\Base.php on line 6.
 1 SYSTEMPATH\View\View.php(228): include('D:\\Made\\Website galeri Kanvasa\\app\\Views\\Layout\\Base.php')
 2 SYSTEMPATH\View\View.php(231): CodeIgniter\View\View->CodeIgniter\View\{closure}()
 3 SYSTEMPATH\View\View.php(244): CodeIgniter\View\View->render('Layout/Base', [], true)
 4 SYSTEMPATH\Common.php(1178): CodeIgniter\View\View->render('detail', [], true)
 5 APPPATH\Controllers\Home.php(93): view('detail', [...])
 6 SYSTEMPATH\CodeIgniter.php(941): App\Controllers\Home->detail('34')
 7 SYSTEMPATH\CodeIgniter.php(502): CodeIgniter\CodeIgniter->runController(Object(App\Controllers\Home))
 8 SYSTEMPATH\CodeIgniter.php(361): CodeIgniter\CodeIgniter->handleRequest(null, Object(Config\Cache), false)
 9 FCPATH\index.php(79): CodeIgniter\CodeIgniter->run()
10 SYSTEMPATH\Commands\Server\rewrite.php(47): require_once('D:\\Made\\Website galeri Kanvasa\\public\\index.php')
INFO - 2024-03-04 01:14:16 --> Session: Class initialized using 'CodeIgniter\Session\Handlers\FileHandler' driver.
WARNING - 2024-03-04 01:14:16 --> [DEPRECATED] Creation of dynamic property CodeIgniter\View\View::$session is deprecated in APPPATH\Views\Layout\Base.php on line 6.
 1 SYSTEMPATH\View\View.php(228): include('D:\\Made\\Website galeri Kanvasa\\app\\Views\\Layout\\Base.php')
 2 SYSTEMPATH\View\View.php(231): CodeIgniter\View\View->CodeIgniter\View\{closure}()
 3 SYSTEMPATH\View\View.php(244): CodeIgniter\View\View->render('Layout/Base', [], true)
 4 SYSTEMPATH\Common.php(1178): CodeIgniter\View\View->render('beranda', [], true)
 5 APPPATH\Controllers\Home.php(38): view('beranda', [...])
 6 SYSTEMPATH\CodeIgniter.php(941): App\Controllers\Home->index()
 7 SYSTEMPATH\CodeIgniter.php(502): CodeIgniter\CodeIgniter->runController(Object(App\Controllers\Home))
 8 SYSTEMPATH\CodeIgniter.php(361): CodeIgniter\CodeIgniter->handleRequest(null, Object(Config\Cache), false)
 9 FCPATH\index.php(79): CodeIgniter\CodeIgniter->run()
10 SYSTEMPATH\Commands\Server\rewrite.php(47): require_once('D:\\Made\\Website galeri Kanvasa\\public\\index.php')
INFO - 2024-03-04 01:16:20 --> Session: Class initialized using 'CodeIgniter\Session\Handlers\FileHandler' driver.
WARNING - 2024-03-04 01:16:20 --> [DEPRECATED] Creation of dynamic property CodeIgniter\View\View::$session is deprecated in APPPATH\Views\Layout\Base.php on line 6.
 1 SYSTEMPATH\View\View.php(228): include('D:\\Made\\Website galeri Kanvasa\\app\\Views\\Layout\\Base.php')
 2 SYSTEMPATH\View\View.php(231): CodeIgniter\View\View->CodeIgniter\View\{closure}()
 3 SYSTEMPATH\View\View.php(244): CodeIgniter\View\View->render('Layout/Base', [], true)
 4 SYSTEMPATH\Common.php(1178): CodeIgniter\View\View->render('beranda', [], true)
 5 APPPATH\Controllers\Home.php(38): view('beranda', [...])
 6 SYSTEMPATH\CodeIgniter.php(941): App\Controllers\Home->index()
 7 SYSTEMPATH\CodeIgniter.php(502): CodeIgniter\CodeIgniter->runController(Object(App\Controllers\Home))
 8 SYSTEMPATH\CodeIgniter.php(361): CodeIgniter\CodeIgniter->handleRequest(null, Object(Config\Cache), false)
 9 FCPATH\index.php(79): CodeIgniter\CodeIgniter->run()
10 SYSTEMPATH\Commands\Server\rewrite.php(47): require_once('D:\\Made\\Website galeri Kanvasa\\public\\index.php')
INFO - 2024-03-04 01:16:21 --> Session: Class initialized using 'CodeIgniter\Session\Handlers\FileHandler' driver.
WARNING - 2024-03-04 01:16:21 --> [DEPRECATED] Creation of dynamic property CodeIgniter\View\View::$session is deprecated in APPPATH\Views\Layout\Base.php on line 6.
 1 SYSTEMPATH\View\View.php(228): include('D:\\Made\\Website galeri Kanvasa\\app\\Views\\Layout\\Base.php')
 2 SYSTEMPATH\View\View.php(231): CodeIgniter\View\View->CodeIgniter\View\{closure}()
 3 SYSTEMPATH\View\View.php(244): CodeIgniter\View\View->render('Layout/Base', [], true)
 4 SYSTEMPATH\Common.php(1178): CodeIgniter\View\View->render('detail', [], true)
 5 APPPATH\Controllers\Home.php(93): view('detail', [...])
 6 SYSTEMPATH\CodeIgniter.php(941): App\Controllers\Home->detail('34')
 7 SYSTEMPATH\CodeIgniter.php(502): CodeIgniter\CodeIgniter->runController(Object(App\Controllers\Home))
 8 SYSTEMPATH\CodeIgniter.php(361): CodeIgniter\CodeIgniter->handleRequest(null, Object(Config\Cache), false)
 9 FCPATH\index.php(79): CodeIgniter\CodeIgniter->run()
10 SYSTEMPATH\Commands\Server\rewrite.php(47): require_once('D:\\Made\\Website galeri Kanvasa\\public\\index.php')
INFO - 2024-03-04 01:16:22 --> Session: Class initialized using 'CodeIgniter\Session\Handlers\FileHandler' driver.
WARNING - 2024-03-04 01:16:22 --> [DEPRECATED] Creation of dynamic property CodeIgniter\View\View::$session is deprecated in APPPATH\Views\Layout\Base.php on line 6.
 1 SYSTEMPATH\View\View.php(228): include('D:\\Made\\Website galeri Kanvasa\\app\\Views\\Layout\\Base.php')
 2 SYSTEMPATH\View\View.php(231): CodeIgniter\View\View->CodeIgniter\View\{closure}()
 3 SYSTEMPATH\View\View.php(244): CodeIgniter\View\View->render('Layout/Base', [], true)
 4 SYSTEMPATH\Common.php(1178): CodeIgniter\View\View->render('beranda', [], true)
 5 APPPATH\Controllers\Home.php(38): view('beranda', [...])
 6 SYSTEMPATH\CodeIgniter.php(941): App\Controllers\Home->index()
 7 SYSTEMPATH\CodeIgniter.php(502): CodeIgniter\CodeIgniter->runController(Object(App\Controllers\Home))
 8 SYSTEMPATH\CodeIgniter.php(361): CodeIgniter\CodeIgniter->handleRequest(null, Object(Config\Cache), false)
 9 FCPATH\index.php(79): CodeIgniter\CodeIgniter->run()
10 SYSTEMPATH\Commands\Server\rewrite.php(47): require_once('D:\\Made\\Website galeri Kanvasa\\public\\index.php')
INFO - 2024-03-04 01:20:52 --> Session: Class initialized using 'CodeIgniter\Session\Handlers\FileHandler' driver.
WARNING - 2024-03-04 01:20:52 --> [DEPRECATED] Creation of dynamic property CodeIgniter\View\View::$session is deprecated in APPPATH\Views\Layout\Base.php on line 6.
 1 SYSTEMPATH\View\View.php(228): include('D:\\Made\\Website galeri Kanvasa\\app\\Views\\Layout\\Base.php')
 2 SYSTEMPATH\View\View.php(231): CodeIgniter\View\View->CodeIgniter\View\{closure}()
 3 SYSTEMPATH\View\View.php(244): CodeIgniter\View\View->render('Layout/Base', [], true)
 4 SYSTEMPATH\Common.php(1178): CodeIgniter\View\View->render('beranda', [], true)
 5 APPPATH\Controllers\Home.php(38): view('beranda', [...])
 6 SYSTEMPATH\CodeIgniter.php(941): App\Controllers\Home->index()
 7 SYSTEMPATH\CodeIgniter.php(502): CodeIgniter\CodeIgniter->runController(Object(App\Controllers\Home))
 8 SYSTEMPATH\CodeIgniter.php(361): CodeIgniter\CodeIgniter->handleRequest(null, Object(Config\Cache), false)
 9 FCPATH\index.php(79): CodeIgniter\CodeIgniter->run()
10 SYSTEMPATH\Commands\Server\rewrite.php(47): require_once('D:\\Made\\Website galeri Kanvasa\\public\\index.php')
INFO - 2024-03-04 01:20:53 --> Session: Class initialized using 'CodeIgniter\Session\Handlers\FileHandler' driver.
WARNING - 2024-03-04 01:20:53 --> [DEPRECATED] Creation of dynamic property CodeIgniter\View\View::$session is deprecated in APPPATH\Views\Layout\Base.php on line 6.
 1 SYSTEMPATH\View\View.php(228): include('D:\\Made\\Website galeri Kanvasa\\app\\Views\\Layout\\Base.php')
 2 SYSTEMPATH\View\View.php(231): CodeIgniter\View\View->CodeIgniter\View\{closure}()
 3 SYSTEMPATH\View\View.php(244): CodeIgniter\View\View->render('Layout/Base', [], true)
 4 SYSTEMPATH\Common.php(1178): CodeIgniter\View\View->render('detail', [], true)
 5 APPPATH\Controllers\Home.php(95): view('detail', [...])
 6 SYSTEMPATH\CodeIgniter.php(941): App\Controllers\Home->detail('34')
 7 SYSTEMPATH\CodeIgniter.php(502): CodeIgniter\CodeIgniter->runController(Object(App\Controllers\Home))
 8 SYSTEMPATH\CodeIgniter.php(361): CodeIgniter\CodeIgniter->handleRequest(null, Object(Config\Cache), false)
 9 FCPATH\index.php(79): CodeIgniter\CodeIgniter->run()
10 SYSTEMPATH\Commands\Server\rewrite.php(47): require_once('D:\\Made\\Website galeri Kanvasa\\public\\index.php')
INFO - 2024-03-04 01:21:36 --> Session: Class initialized using 'CodeIgniter\Session\Handlers\FileHandler' driver.
INFO - 2024-03-04 01:21:36 --> Session: Class initialized using 'CodeIgniter\Session\Handlers\FileHandler' driver.
INFO - 2024-03-04 01:21:39 --> Session: Class initialized using 'CodeIgniter\Session\Handlers\FileHandler' driver.
CRITICAL - 2024-03-04 01:21:39 --> CodeIgniter\Validation\Exceptions\ValidationException: "login" is not a validation rules group.
in SYSTEMPATH\Validation\Validation.php on line 740.
 1 SYSTEMPATH\Validation\Validation.php(740): CodeIgniter\Validation\Exceptions\ValidationException::forGroupNotFound('login')
 2 SYSTEMPATH\Validation\Validation.php(147): CodeIgniter\Validation\Validation->loadRuleGroup('login')
 3 APPPATH\Controllers\Auth.php(96): CodeIgniter\Validation\Validation->run([...], 'login')
 4 SYSTEMPATH\CodeIgniter.php(941): App\Controllers\Auth->valid_login()
 5 SYSTEMPATH\CodeIgniter.php(502): CodeIgniter\CodeIgniter->runController(Object(App\Controllers\Auth))
 6 SYSTEMPATH\CodeIgniter.php(361): CodeIgniter\CodeIgniter->handleRequest(null, Object(Config\Cache), false)
 7 FCPATH\index.php(79): CodeIgniter\CodeIgniter->run()
 8 SYSTEMPATH\Commands\Server\rewrite.php(47): require_once('D:\\Made\\Website galeri Kanvasa\\public\\index.php')
INFO - 2024-03-04 01:22:22 --> Session: Class initialized using 'CodeIgniter\Session\Handlers\FileHandler' driver.
INFO - 2024-03-04 01:22:22 --> Session: Class initialized using 'CodeIgniter\Session\Handlers\FileHandler' driver.
WARNING - 2024-03-04 01:22:22 --> [DEPRECATED] Creation of dynamic property CodeIgniter\View\View::$session is deprecated in APPPATH\Views\Layout\Base.php on line 6.
 1 SYSTEMPATH\View\View.php(228): include('D:\\Made\\Website galeri Kanvasa\\app\\Views\\Layout\\Base.php')
 2 SYSTEMPATH\View\View.php(231): CodeIgniter\View\View->CodeIgniter\View\{closure}()
 3 SYSTEMPATH\View\View.php(244): CodeIgniter\View\View->render('Layout/Base', [], true)
 4 SYSTEMPATH\Common.php(1178): CodeIgniter\View\View->render('beranda', [], true)
 5 APPPATH\Controllers\Home.php(38): view('beranda', [...])
 6 SYSTEMPATH\CodeIgniter.php(941): App\Controllers\Home->index()
 7 SYSTEMPATH\CodeIgniter.php(502): CodeIgniter\CodeIgniter->runController(Object(App\Controllers\Home))
 8 SYSTEMPATH\CodeIgniter.php(361): CodeIgniter\CodeIgniter->handleRequest(null, Object(Config\Cache), false)
 9 FCPATH\index.php(79): CodeIgniter\CodeIgniter->run()
10 SYSTEMPATH\Commands\Server\rewrite.php(47): require_once('D:\\Made\\Website galeri Kanvasa\\public\\index.php')
INFO - 2024-03-04 01:22:29 --> Session: Class initialized using 'CodeIgniter\Session\Handlers\FileHandler' driver.
WARNING - 2024-03-04 01:22:29 --> [DEPRECATED] Creation of dynamic property CodeIgniter\View\View::$session is deprecated in APPPATH\Views\Layout\Base.php on line 6.
 1 SYSTEMPATH\View\View.php(228): include('D:\\Made\\Website galeri Kanvasa\\app\\Views\\Layout\\Base.php')
 2 SYSTEMPATH\View\View.php(231): CodeIgniter\View\View->CodeIgniter\View\{closure}()
 3 SYSTEMPATH\View\View.php(244): CodeIgniter\View\View->render('Layout/Base', [], true)
 4 SYSTEMPATH\Common.php(1178): CodeIgniter\View\View->render('detail', [], true)
 5 APPPATH\Controllers\Home.php(95): view('detail', [...])
 6 SYSTEMPATH\CodeIgniter.php(941): App\Controllers\Home->detail('34')
 7 SYSTEMPATH\CodeIgniter.php(502): CodeIgniter\CodeIgniter->runController(Object(App\Controllers\Home))
 8 SYSTEMPATH\CodeIgniter.php(361): CodeIgniter\CodeIgniter->handleRequest(null, Object(Config\Cache), false)
 9 FCPATH\index.php(79): CodeIgniter\CodeIgniter->run()
10 SYSTEMPATH\Commands\Server\rewrite.php(47): require_once('D:\\Made\\Website galeri Kanvasa\\public\\index.php')
INFO - 2024-03-04 01:22:30 --> Session: Class initialized using 'CodeIgniter\Session\Handlers\FileHandler' driver.
CRITICAL - 2024-03-04 01:22:30 --> BadMethodCallException: Call to undefined method App\Models\LikeModel::deleteLike
in SYSTEMPATH\Model.php on line 874.
 1 APPPATH\Controllers\Likes.php(36): CodeIgniter\Model->__call('deleteLike', [...])
 2 SYSTEMPATH\CodeIgniter.php(941): App\Controllers\Likes->likeDislike('34')
 3 SYSTEMPATH\CodeIgniter.php(502): CodeIgniter\CodeIgniter->runController(Object(App\Controllers\Likes))
 4 SYSTEMPATH\CodeIgniter.php(361): CodeIgniter\CodeIgniter->handleRequest(null, Object(Config\Cache), false)
 5 FCPATH\index.php(79): CodeIgniter\CodeIgniter->run()
 6 SYSTEMPATH\Commands\Server\rewrite.php(47): require_once('D:\\Made\\Website galeri Kanvasa\\public\\index.php')
INFO - 2024-03-04 01:23:14 --> Session: Class initialized using 'CodeIgniter\Session\Handlers\FileHandler' driver.
INFO - 2024-03-04 01:23:14 --> Session: Class initialized using 'CodeIgniter\Session\Handlers\FileHandler' driver.
WARNING - 2024-03-04 01:23:14 --> [DEPRECATED] Creation of dynamic property CodeIgniter\View\View::$session is deprecated in APPPATH\Views\Layout\Base.php on line 6.
 1 SYSTEMPATH\View\View.php(228): include('D:\\Made\\Website galeri Kanvasa\\app\\Views\\Layout\\Base.php')
 2 SYSTEMPATH\View\View.php(231): CodeIgniter\View\View->CodeIgniter\View\{closure}()
 3 SYSTEMPATH\View\View.php(244): CodeIgniter\View\View->render('Layout/Base', [], true)
 4 SYSTEMPATH\Common.php(1178): CodeIgniter\View\View->render('detail', [], true)
 5 APPPATH\Controllers\Home.php(95): view('detail', [...])
 6 SYSTEMPATH\CodeIgniter.php(941): App\Controllers\Home->detail('34')
 7 SYSTEMPATH\CodeIgniter.php(502): CodeIgniter\CodeIgniter->runController(Object(App\Controllers\Home))
 8 SYSTEMPATH\CodeIgniter.php(361): CodeIgniter\CodeIgniter->handleRequest(null, Object(Config\Cache), false)
 9 FCPATH\index.php(79): CodeIgniter\CodeIgniter->run()
10 SYSTEMPATH\Commands\Server\rewrite.php(47): require_once('D:\\Made\\Website galeri Kanvasa\\public\\index.php')
INFO - 2024-03-04 01:23:15 --> Session: Class initialized using 'CodeIgniter\Session\Handlers\FileHandler' driver.
INFO - 2024-03-04 01:23:15 --> Session: Class initialized using 'CodeIgniter\Session\Handlers\FileHandler' driver.
WARNING - 2024-03-04 01:23:15 --> [DEPRECATED] Creation of dynamic property CodeIgniter\View\View::$session is deprecated in APPPATH\Views\Layout\Base.php on line 6.
 1 SYSTEMPATH\View\View.php(228): include('D:\\Made\\Website galeri Kanvasa\\app\\Views\\Layout\\Base.php')
 2 SYSTEMPATH\View\View.php(231): CodeIgniter\View\View->CodeIgniter\View\{closure}()
 3 SYSTEMPATH\View\View.php(244): CodeIgniter\View\View->render('Layout/Base', [], true)
 4 SYSTEMPATH\Common.php(1178): CodeIgniter\View\View->render('detail', [], true)
 5 APPPATH\Controllers\Home.php(95): view('detail', [...])
 6 SYSTEMPATH\CodeIgniter.php(941): App\Controllers\Home->detail('34')
 7 SYSTEMPATH\CodeIgniter.php(502): CodeIgniter\CodeIgniter->runController(Object(App\Controllers\Home))
 8 SYSTEMPATH\CodeIgniter.php(361): CodeIgniter\CodeIgniter->handleRequest(null, Object(Config\Cache), false)
 9 FCPATH\index.php(79): CodeIgniter\CodeIgniter->run()
10 SYSTEMPATH\Commands\Server\rewrite.php(47): require_once('D:\\Made\\Website galeri Kanvasa\\public\\index.php')
INFO - 2024-03-04 01:23:19 --> Session: Class initialized using 'CodeIgniter\Session\Handlers\FileHandler' driver.
INFO - 2024-03-04 01:23:19 --> Session: Class initialized using 'CodeIgniter\Session\Handlers\FileHandler' driver.
WARNING - 2024-03-04 01:23:19 --> [DEPRECATED] Creation of dynamic property CodeIgniter\View\View::$session is deprecated in APPPATH\Views\Layout\Base.php on line 6.
 1 SYSTEMPATH\View\View.php(228): include('D:\\Made\\Website galeri Kanvasa\\app\\Views\\Layout\\Base.php')
 2 SYSTEMPATH\View\View.php(231): CodeIgniter\View\View->CodeIgniter\View\{closure}()
 3 SYSTEMPATH\View\View.php(244): CodeIgniter\View\View->render('Layout/Base', [], true)
 4 SYSTEMPATH\Common.php(1178): CodeIgniter\View\View->render('detail', [], true)
 5 APPPATH\Controllers\Home.php(95): view('detail', [...])
 6 SYSTEMPATH\CodeIgniter.php(941): App\Controllers\Home->detail('34')
 7 SYSTEMPATH\CodeIgniter.php(502): CodeIgniter\CodeIgniter->runController(Object(App\Controllers\Home))
 8 SYSTEMPATH\CodeIgniter.php(361): CodeIgniter\CodeIgniter->handleRequest(null, Object(Config\Cache), false)
 9 FCPATH\index.php(79): CodeIgniter\CodeIgniter->run()
10 SYSTEMPATH\Commands\Server\rewrite.php(47): require_once('D:\\Made\\Website galeri Kanvasa\\public\\index.php')
INFO - 2024-03-04 01:23:32 --> Session: Class initialized using 'CodeIgniter\Session\Handlers\FileHandler' driver.
WARNING - 2024-03-04 01:23:32 --> [DEPRECATED] Creation of dynamic property CodeIgniter\View\View::$session is deprecated in APPPATH\Views\Layout\Base.php on line 6.
 1 SYSTEMPATH\View\View.php(228): include('D:\\Made\\Website galeri Kanvasa\\app\\Views\\Layout\\Base.php')
 2 SYSTEMPATH\View\View.php(231): CodeIgniter\View\View->CodeIgniter\View\{closure}()
 3 SYSTEMPATH\View\View.php(244): CodeIgniter\View\View->render('Layout/Base', [], true)
 4 SYSTEMPATH\Common.php(1178): CodeIgniter\View\View->render('beranda', [], true)
 5 APPPATH\Controllers\Home.php(38): view('beranda', [...])
 6 SYSTEMPATH\CodeIgniter.php(941): App\Controllers\Home->index()
 7 SYSTEMPATH\CodeIgniter.php(502): CodeIgniter\CodeIgniter->runController(Object(App\Controllers\Home))
 8 SYSTEMPATH\CodeIgniter.php(361): CodeIgniter\CodeIgniter->handleRequest(null, Object(Config\Cache), false)
 9 FCPATH\index.php(79): CodeIgniter\CodeIgniter->run()
10 SYSTEMPATH\Commands\Server\rewrite.php(47): require_once('D:\\Made\\Website galeri Kanvasa\\public\\index.php')
INFO - 2024-03-04 01:23:33 --> Session: Class initialized using 'CodeIgniter\Session\Handlers\FileHandler' driver.
WARNING - 2024-03-04 01:23:33 --> [DEPRECATED] Creation of dynamic property CodeIgniter\View\View::$session is deprecated in APPPATH\Views\Layout\Base.php on line 6.
 1 SYSTEMPATH\View\View.php(228): include('D:\\Made\\Website galeri Kanvasa\\app\\Views\\Layout\\Base.php')
 2 SYSTEMPATH\View\View.php(231): CodeIgniter\View\View->CodeIgniter\View\{closure}()
 3 SYSTEMPATH\View\View.php(244): CodeIgniter\View\View->render('Layout/Base', [], true)
 4 SYSTEMPATH\Common.php(1178): CodeIgniter\View\View->render('detail', [], true)
 5 APPPATH\Controllers\Home.php(95): view('detail', [...])
 6 SYSTEMPATH\CodeIgniter.php(941): App\Controllers\Home->detail('34')
 7 SYSTEMPATH\CodeIgniter.php(502): CodeIgniter\CodeIgniter->runController(Object(App\Controllers\Home))
 8 SYSTEMPATH\CodeIgniter.php(361): CodeIgniter\CodeIgniter->handleRequest(null, Object(Config\Cache), false)
 9 FCPATH\index.php(79): CodeIgniter\CodeIgniter->run()
10 SYSTEMPATH\Commands\Server\rewrite.php(47): require_once('D:\\Made\\Website galeri Kanvasa\\public\\index.php')
INFO - 2024-03-04 01:23:37 --> Session: Class initialized using 'CodeIgniter\Session\Handlers\FileHandler' driver.
WARNING - 2024-03-04 01:23:37 --> [DEPRECATED] Creation of dynamic property App\Controllers\Albumitem::$validation is deprecated in APPPATH\Controllers\Albumitem.php on line 21.
 1 SYSTEMPATH\CodeIgniter.php(913): App\Controllers\Albumitem->__construct()
 2 SYSTEMPATH\CodeIgniter.php(493): CodeIgniter\CodeIgniter->createController()
 3 SYSTEMPATH\CodeIgniter.php(361): CodeIgniter\CodeIgniter->handleRequest(null, Object(Config\Cache), false)
 4 FCPATH\index.php(79): CodeIgniter\CodeIgniter->run()
 5 SYSTEMPATH\Commands\Server\rewrite.php(47): require_once('D:\\Made\\Website galeri Kanvasa\\public\\index.php')
INFO - 2024-03-04 01:23:37 --> Session: Class initialized using 'CodeIgniter\Session\Handlers\FileHandler' driver.
WARNING - 2024-03-04 01:23:37 --> [DEPRECATED] Creation of dynamic property CodeIgniter\View\View::$session is deprecated in APPPATH\Views\Layout\Base.php on line 6.
 1 SYSTEMPATH\View\View.php(228): include('D:\\Made\\Website galeri Kanvasa\\app\\Views\\Layout\\Base.php')
 2 SYSTEMPATH\View\View.php(231): CodeIgniter\View\View->CodeIgniter\View\{closure}()
 3 SYSTEMPATH\View\View.php(244): CodeIgniter\View\View->render('Layout/Base', [], true)
 4 SYSTEMPATH\Common.php(1178): CodeIgniter\View\View->render('detail', [], true)
 5 APPPATH\Controllers\Home.php(95): view('detail', [...])
 6 SYSTEMPATH\CodeIgniter.php(941): App\Controllers\Home->detail('34')
 7 SYSTEMPATH\CodeIgniter.php(502): CodeIgniter\CodeIgniter->runController(Object(App\Controllers\Home))
 8 SYSTEMPATH\CodeIgniter.php(361): CodeIgniter\CodeIgniter->handleRequest(null, Object(Config\Cache), false)
 9 FCPATH\index.php(79): CodeIgniter\CodeIgniter->run()
10 SYSTEMPATH\Commands\Server\rewrite.php(47): require_once('D:\\Made\\Website galeri Kanvasa\\public\\index.php')
INFO - 2024-03-04 01:23:39 --> Session: Class initialized using 'CodeIgniter\Session\Handlers\FileHandler' driver.
WARNING - 2024-03-04 01:23:39 --> [DEPRECATED] Creation of dynamic property App\Controllers\Albumitem::$validation is deprecated in APPPATH\Controllers\Albumitem.php on line 21.
 1 SYSTEMPATH\CodeIgniter.php(913): App\Controllers\Albumitem->__construct()
 2 SYSTEMPATH\CodeIgniter.php(493): CodeIgniter\CodeIgniter->createController()
 3 SYSTEMPATH\CodeIgniter.php(361): CodeIgniter\CodeIgniter->handleRequest(null, Object(Config\Cache), false)
 4 FCPATH\index.php(79): CodeIgniter\CodeIgniter->run()
 5 SYSTEMPATH\Commands\Server\rewrite.php(47): require_once('D:\\Made\\Website galeri Kanvasa\\public\\index.php')
INFO - 2024-03-04 01:23:39 --> Session: Class initialized using 'CodeIgniter\Session\Handlers\FileHandler' driver.
WARNING - 2024-03-04 01:23:39 --> [DEPRECATED] Creation of dynamic property CodeIgniter\View\View::$session is deprecated in APPPATH\Views\Layout\Base.php on line 6.
 1 SYSTEMPATH\View\View.php(228): include('D:\\Made\\Website galeri Kanvasa\\app\\Views\\Layout\\Base.php')
 2 SYSTEMPATH\View\View.php(231): CodeIgniter\View\View->CodeIgniter\View\{closure}()
 3 SYSTEMPATH\View\View.php(244): CodeIgniter\View\View->render('Layout/Base', [], true)
 4 SYSTEMPATH\Common.php(1178): CodeIgniter\View\View->render('detail', [], true)
 5 APPPATH\Controllers\Home.php(95): view('detail', [...])
 6 SYSTEMPATH\CodeIgniter.php(941): App\Controllers\Home->detail('34')
 7 SYSTEMPATH\CodeIgniter.php(502): CodeIgniter\CodeIgniter->runController(Object(App\Controllers\Home))
 8 SYSTEMPATH\CodeIgniter.php(361): CodeIgniter\CodeIgniter->handleRequest(null, Object(Config\Cache), false)
 9 FCPATH\index.php(79): CodeIgniter\CodeIgniter->run()
10 SYSTEMPATH\Commands\Server\rewrite.php(47): require_once('D:\\Made\\Website galeri Kanvasa\\public\\index.php')
INFO - 2024-03-04 01:23:49 --> Session: Class initialized using 'CodeIgniter\Session\Handlers\FileHandler' driver.
WARNING - 2024-03-04 01:23:49 --> [DEPRECATED] Creation of dynamic property App\Controllers\Albums::$validation is deprecated in APPPATH\Controllers\Albums.php on line 19.
 1 SYSTEMPATH\CodeIgniter.php(913): App\Controllers\Albums->__construct()
 2 SYSTEMPATH\CodeIgniter.php(493): CodeIgniter\CodeIgniter->createController()
 3 SYSTEMPATH\CodeIgniter.php(361): CodeIgniter\CodeIgniter->handleRequest(null, Object(Config\Cache), false)
 4 FCPATH\index.php(79): CodeIgniter\CodeIgniter->run()
 5 SYSTEMPATH\Commands\Server\rewrite.php(47): require_once('D:\\Made\\Website galeri Kanvasa\\public\\index.php')
INFO - 2024-03-04 01:23:49 --> Session: Class initialized using 'CodeIgniter\Session\Handlers\FileHandler' driver.
WARNING - 2024-03-04 01:23:49 --> [DEPRECATED] Creation of dynamic property CodeIgniter\View\View::$session is deprecated in APPPATH\Views\Layout\Base.php on line 6.
 1 SYSTEMPATH\View\View.php(228): include('D:\\Made\\Website galeri Kanvasa\\app\\Views\\Layout\\Base.php')
 2 SYSTEMPATH\View\View.php(231): CodeIgniter\View\View->CodeIgniter\View\{closure}()
 3 SYSTEMPATH\View\View.php(244): CodeIgniter\View\View->render('Layout/Base', [], true)
 4 SYSTEMPATH\Common.php(1178): CodeIgniter\View\View->render('detail', [], true)
 5 APPPATH\Controllers\Home.php(95): view('detail', [...])
 6 SYSTEMPATH\CodeIgniter.php(941): App\Controllers\Home->detail('34')
 7 SYSTEMPATH\CodeIgniter.php(502): CodeIgniter\CodeIgniter->runController(Object(App\Controllers\Home))
 8 SYSTEMPATH\CodeIgniter.php(361): CodeIgniter\CodeIgniter->handleRequest(null, Object(Config\Cache), false)
 9 FCPATH\index.php(79): CodeIgniter\CodeIgniter->run()
10 SYSTEMPATH\Commands\Server\rewrite.php(47): require_once('D:\\Made\\Website galeri Kanvasa\\public\\index.php')
INFO - 2024-03-04 01:23:53 --> Session: Class initialized using 'CodeIgniter\Session\Handlers\FileHandler' driver.
WARNING - 2024-03-04 01:23:53 --> [DEPRECATED] Creation of dynamic property App\Controllers\Albumitem::$validation is deprecated in APPPATH\Controllers\Albumitem.php on line 21.
 1 SYSTEMPATH\CodeIgniter.php(913): App\Controllers\Albumitem->__construct()
 2 SYSTEMPATH\CodeIgniter.php(493): CodeIgniter\CodeIgniter->createController()
 3 SYSTEMPATH\CodeIgniter.php(361): CodeIgniter\CodeIgniter->handleRequest(null, Object(Config\Cache), false)
 4 FCPATH\index.php(79): CodeIgniter\CodeIgniter->run()
 5 SYSTEMPATH\Commands\Server\rewrite.php(47): require_once('D:\\Made\\Website galeri Kanvasa\\public\\index.php')
INFO - 2024-03-04 01:23:53 --> Session: Class initialized using 'CodeIgniter\Session\Handlers\FileHandler' driver.
WARNING - 2024-03-04 01:23:53 --> [DEPRECATED] Creation of dynamic property CodeIgniter\View\View::$session is deprecated in APPPATH\Views\Layout\Base.php on line 6.
 1 SYSTEMPATH\View\View.php(228): include('D:\\Made\\Website galeri Kanvasa\\app\\Views\\Layout\\Base.php')
 2 SYSTEMPATH\View\View.php(231): CodeIgniter\View\View->CodeIgniter\View\{closure}()
 3 SYSTEMPATH\View\View.php(244): CodeIgniter\View\View->render('Layout/Base', [], true)
 4 SYSTEMPATH\Common.php(1178): CodeIgniter\View\View->render('detail', [], true)
 5 APPPATH\Controllers\Home.php(95): view('detail', [...])
 6 SYSTEMPATH\CodeIgniter.php(941): App\Controllers\Home->detail('34')
 7 SYSTEMPATH\CodeIgniter.php(502): CodeIgniter\CodeIgniter->runController(Object(App\Controllers\Home))
 8 SYSTEMPATH\CodeIgniter.php(361): CodeIgniter\CodeIgniter->handleRequest(null, Object(Config\Cache), false)
 9 FCPATH\index.php(79): CodeIgniter\CodeIgniter->run()
10 SYSTEMPATH\Commands\Server\rewrite.php(47): require_once('D:\\Made\\Website galeri Kanvasa\\public\\index.php')
INFO - 2024-03-04 01:23:56 --> Session: Class initialized using 'CodeIgniter\Session\Handlers\FileHandler' driver.
WARNING - 2024-03-04 01:23:56 --> [DEPRECATED] Creation of dynamic property App\Controllers\Post::$validation is deprecated in APPPATH\Controllers\Post.php on line 18.
 1 SYSTEMPATH\CodeIgniter.php(913): App\Controllers\Post->__construct()
 2 SYSTEMPATH\CodeIgniter.php(493): CodeIgniter\CodeIgniter->createController()
 3 SYSTEMPATH\CodeIgniter.php(361): CodeIgniter\CodeIgniter->handleRequest(null, Object(Config\Cache), false)
 4 FCPATH\index.php(79): CodeIgniter\CodeIgniter->run()
 5 SYSTEMPATH\Commands\Server\rewrite.php(47): require_once('D:\\Made\\Website galeri Kanvasa\\public\\index.php')
WARNING - 2024-03-04 01:23:56 --> [DEPRECATED] Creation of dynamic property CodeIgniter\View\View::$session is deprecated in APPPATH\Views\buat.php on line 13.
 1 SYSTEMPATH\View\View.php(228): include('D:\\Made\\Website galeri Kanvasa\\app\\Views\\buat.php')
 2 SYSTEMPATH\View\View.php(231): CodeIgniter\View\View->CodeIgniter\View\{closure}()
 3 SYSTEMPATH\Common.php(1178): CodeIgniter\View\View->render('buat', [], true)
 4 APPPATH\Controllers\Post.php(35): view('buat', [...])
 5 SYSTEMPATH\CodeIgniter.php(941): App\Controllers\Post->buat()
 6 SYSTEMPATH\CodeIgniter.php(502): CodeIgniter\CodeIgniter->runController(Object(App\Controllers\Post))
 7 SYSTEMPATH\CodeIgniter.php(361): CodeIgniter\CodeIgniter->handleRequest(null, Object(Config\Cache), false)
 8 FCPATH\index.php(79): CodeIgniter\CodeIgniter->run()
 9 SYSTEMPATH\Commands\Server\rewrite.php(47): require_once('D:\\Made\\Website galeri Kanvasa\\public\\index.php')
INFO - 2024-03-04 01:23:56 --> Session: Class initialized using 'CodeIgniter\Session\Handlers\FileHandler' driver.
WARNING - 2024-03-04 01:23:56 --> [DEPRECATED] Creation of dynamic property App\Controllers\Post::$validation is deprecated in APPPATH\Controllers\Post.php on line 18.
 1 SYSTEMPATH\CodeIgniter.php(913): App\Controllers\Post->__construct()
 2 SYSTEMPATH\CodeIgniter.php(493): CodeIgniter\CodeIgniter->createController()
 3 SYSTEMPATH\CodeIgniter.php(361): CodeIgniter\CodeIgniter->handleRequest(null, Object(Config\Cache), false)
 4 FCPATH\index.php(79): CodeIgniter\CodeIgniter->run()
 5 SYSTEMPATH\Commands\Server\rewrite.php(47): require_once('D:\\Made\\Website galeri Kanvasa\\public\\index.php')
WARNING - 2024-03-04 01:23:56 --> [DEPRECATED] Creation of dynamic property CodeIgniter\View\View::$session is deprecated in APPPATH\Views\buat.php on line 13.
 1 SYSTEMPATH\View\View.php(228): include('D:\\Made\\Website galeri Kanvasa\\app\\Views\\buat.php')
 2 SYSTEMPATH\View\View.php(231): CodeIgniter\View\View->CodeIgniter\View\{closure}()
 3 SYSTEMPATH\Common.php(1178): CodeIgniter\View\View->render('buat', [], true)
 4 APPPATH\Controllers\Post.php(35): view('buat', [...])
 5 SYSTEMPATH\CodeIgniter.php(941): App\Controllers\Post->buat()
 6 SYSTEMPATH\CodeIgniter.php(502): CodeIgniter\CodeIgniter->runController(Object(App\Controllers\Post))
 7 SYSTEMPATH\CodeIgniter.php(361): CodeIgniter\CodeIgniter->handleRequest(null, Object(Config\Cache), false)
 8 FCPATH\index.php(79): CodeIgniter\CodeIgniter->run()
 9 SYSTEMPATH\Commands\Server\rewrite.php(47): require_once('D:\\Made\\Website galeri Kanvasa\\public\\index.php')
INFO - 2024-03-04 01:24:32 --> Session: Class initialized using 'CodeIgniter\Session\Handlers\FileHandler' driver.
WARNING - 2024-03-04 01:24:32 --> [DEPRECATED] Creation of dynamic property App\Controllers\Post::$validation is deprecated in APPPATH\Controllers\Post.php on line 18.
 1 SYSTEMPATH\CodeIgniter.php(913): App\Controllers\Post->__construct()
 2 SYSTEMPATH\CodeIgniter.php(493): CodeIgniter\CodeIgniter->createController()
 3 SYSTEMPATH\CodeIgniter.php(361): CodeIgniter\CodeIgniter->handleRequest(null, Object(Config\Cache), false)
 4 FCPATH\index.php(79): CodeIgniter\CodeIgniter->run()
 5 SYSTEMPATH\Commands\Server\rewrite.php(47): require_once('D:\\Made\\Website galeri Kanvasa\\public\\index.php')
INFO - 2024-03-04 01:24:32 --> Session: Class initialized using 'CodeIgniter\Session\Handlers\FileHandler' driver.
WARNING - 2024-03-04 01:24:32 --> [DEPRECATED] Creation of dynamic property CodeIgniter\View\View::$session is deprecated in APPPATH\Views\Layout\Base.php on line 6.
 1 SYSTEMPATH\View\View.php(228): include('D:\\Made\\Website galeri Kanvasa\\app\\Views\\Layout\\Base.php')
 2 SYSTEMPATH\View\View.php(231): CodeIgniter\View\View->CodeIgniter\View\{closure}()
 3 SYSTEMPATH\View\View.php(244): CodeIgniter\View\View->render('Layout/Base', [], true)
 4 SYSTEMPATH\Common.php(1178): CodeIgniter\View\View->render('beranda', [], true)
 5 APPPATH\Controllers\Home.php(38): view('beranda', [...])
 6 SYSTEMPATH\CodeIgniter.php(941): App\Controllers\Home->index()
 7 SYSTEMPATH\CodeIgniter.php(502): CodeIgniter\CodeIgniter->runController(Object(App\Controllers\Home))
 8 SYSTEMPATH\CodeIgniter.php(361): CodeIgniter\CodeIgniter->handleRequest(null, Object(Config\Cache), false)
 9 FCPATH\index.php(79): CodeIgniter\CodeIgniter->run()
10 SYSTEMPATH\Commands\Server\rewrite.php(47): require_once('D:\\Made\\Website galeri Kanvasa\\public\\index.php')
INFO - 2024-03-04 01:24:33 --> Session: Class initialized using 'CodeIgniter\Session\Handlers\FileHandler' driver.
WARNING - 2024-03-04 01:24:33 --> [DEPRECATED] Creation of dynamic property CodeIgniter\View\View::$session is deprecated in APPPATH\Views\Layout\Base.php on line 6.
 1 SYSTEMPATH\View\View.php(228): include('D:\\Made\\Website galeri Kanvasa\\app\\Views\\Layout\\Base.php')
 2 SYSTEMPATH\View\View.php(231): CodeIgniter\View\View->CodeIgniter\View\{closure}()
 3 SYSTEMPATH\View\View.php(244): CodeIgniter\View\View->render('Layout/Base', [], true)
 4 SYSTEMPATH\Common.php(1178): CodeIgniter\View\View->render('detail', [], true)
 5 APPPATH\Controllers\Home.php(95): view('detail', [...])
 6 SYSTEMPATH\CodeIgniter.php(941): App\Controllers\Home->detail('35')
 7 SYSTEMPATH\CodeIgniter.php(502): CodeIgniter\CodeIgniter->runController(Object(App\Controllers\Home))
 8 SYSTEMPATH\CodeIgniter.php(361): CodeIgniter\CodeIgniter->handleRequest(null, Object(Config\Cache), false)
 9 FCPATH\index.php(79): CodeIgniter\CodeIgniter->run()
10 SYSTEMPATH\Commands\Server\rewrite.php(47): require_once('D:\\Made\\Website galeri Kanvasa\\public\\index.php')
INFO - 2024-03-04 01:24:34 --> Session: Class initialized using 'CodeIgniter\Session\Handlers\FileHandler' driver.
INFO - 2024-03-04 01:24:34 --> Session: Class initialized using 'CodeIgniter\Session\Handlers\FileHandler' driver.
WARNING - 2024-03-04 01:24:34 --> [DEPRECATED] Creation of dynamic property CodeIgniter\View\View::$session is deprecated in APPPATH\Views\Layout\Base.php on line 6.
 1 SYSTEMPATH\View\View.php(228): include('D:\\Made\\Website galeri Kanvasa\\app\\Views\\Layout\\Base.php')
 2 SYSTEMPATH\View\View.php(231): CodeIgniter\View\View->CodeIgniter\View\{closure}()
 3 SYSTEMPATH\View\View.php(244): CodeIgniter\View\View->render('Layout/Base', [], true)
 4 SYSTEMPATH\Common.php(1178): CodeIgniter\View\View->render('detail', [], true)
 5 APPPATH\Controllers\Home.php(95): view('detail', [...])
 6 SYSTEMPATH\CodeIgniter.php(941): App\Controllers\Home->detail('35')
 7 SYSTEMPATH\CodeIgniter.php(502): CodeIgniter\CodeIgniter->runController(Object(App\Controllers\Home))
 8 SYSTEMPATH\CodeIgniter.php(361): CodeIgniter\CodeIgniter->handleRequest(null, Object(Config\Cache), false)
 9 FCPATH\index.php(79): CodeIgniter\CodeIgniter->run()
10 SYSTEMPATH\Commands\Server\rewrite.php(47): require_once('D:\\Made\\Website galeri Kanvasa\\public\\index.php')
INFO - 2024-03-04 01:24:37 --> Session: Class initialized using 'CodeIgniter\Session\Handlers\FileHandler' driver.
WARNING - 2024-03-04 01:24:37 --> [DEPRECATED] Creation of dynamic property CodeIgniter\View\View::$session is deprecated in APPPATH\Views\Layout\Base.php on line 6.
 1 SYSTEMPATH\View\View.php(228): include('D:\\Made\\Website galeri Kanvasa\\app\\Views\\Layout\\Base.php')
 2 SYSTEMPATH\View\View.php(231): CodeIgniter\View\View->CodeIgniter\View\{closure}()
 3 SYSTEMPATH\View\View.php(244): CodeIgniter\View\View->render('Layout/Base', [], true)
 4 SYSTEMPATH\Common.php(1178): CodeIgniter\View\View->render('beranda', [], true)
 5 APPPATH\Controllers\Home.php(38): view('beranda', [...])
 6 SYSTEMPATH\CodeIgniter.php(941): App\Controllers\Home->index()
 7 SYSTEMPATH\CodeIgniter.php(502): CodeIgniter\CodeIgniter->runController(Object(App\Controllers\Home))
 8 SYSTEMPATH\CodeIgniter.php(361): CodeIgniter\CodeIgniter->handleRequest(null, Object(Config\Cache), false)
 9 FCPATH\index.php(79): CodeIgniter\CodeIgniter->run()
10 SYSTEMPATH\Commands\Server\rewrite.php(47): require_once('D:\\Made\\Website galeri Kanvasa\\public\\index.php')
INFO - 2024-03-04 01:24:39 --> Session: Class initialized using 'CodeIgniter\Session\Handlers\FileHandler' driver.
WARNING - 2024-03-04 01:24:39 --> [DEPRECATED] Creation of dynamic property CodeIgniter\View\View::$session is deprecated in APPPATH\Views\profil.php on line 5.
 1 SYSTEMPATH\View\View.php(228): include('D:\\Made\\Website galeri Kanvasa\\app\\Views\\profil.php')
 2 SYSTEMPATH\View\View.php(231): CodeIgniter\View\View->CodeIgniter\View\{closure}()
 3 SYSTEMPATH\Common.php(1178): CodeIgniter\View\View->render('profil', [], true)
 4 APPPATH\Controllers\Home.php(107): view('profil', [...])
 5 SYSTEMPATH\CodeIgniter.php(941): App\Controllers\Home->profil()
 6 SYSTEMPATH\CodeIgniter.php(502): CodeIgniter\CodeIgniter->runController(Object(App\Controllers\Home))
 7 SYSTEMPATH\CodeIgniter.php(361): CodeIgniter\CodeIgniter->handleRequest(null, Object(Config\Cache), false)
 8 FCPATH\index.php(79): CodeIgniter\CodeIgniter->run()
 9 SYSTEMPATH\Commands\Server\rewrite.php(47): require_once('D:\\Made\\Website galeri Kanvasa\\public\\index.php')
INFO - 2024-03-04 01:24:40 --> Session: Class initialized using 'CodeIgniter\Session\Handlers\FileHandler' driver.
WARNING - 2024-03-04 01:24:40 --> [DEPRECATED] Creation of dynamic property App\Controllers\User::$validation is deprecated in APPPATH\Controllers\User.php on line 14.
 1 SYSTEMPATH\CodeIgniter.php(913): App\Controllers\User->__construct()
 2 SYSTEMPATH\CodeIgniter.php(493): CodeIgniter\CodeIgniter->createController()
 3 SYSTEMPATH\CodeIgniter.php(361): CodeIgniter\CodeIgniter->handleRequest(null, Object(Config\Cache), false)
 4 FCPATH\index.php(79): CodeIgniter\CodeIgniter->run()
 5 SYSTEMPATH\Commands\Server\rewrite.php(47): require_once('D:\\Made\\Website galeri Kanvasa\\public\\index.php')
WARNING - 2024-03-04 01:24:40 --> [DEPRECATED] Creation of dynamic property CodeIgniter\View\View::$session is deprecated in APPPATH\Views\edit_profil.php on line 5.
 1 SYSTEMPATH\View\View.php(228): include('D:\\Made\\Website galeri Kanvasa\\app\\Views\\edit_profil.php')
 2 SYSTEMPATH\View\View.php(231): CodeIgniter\View\View->CodeIgniter\View\{closure}()
 3 SYSTEMPATH\Common.php(1178): CodeIgniter\View\View->render('edit_profil', [], true)
 4 APPPATH\Controllers\User.php(34): view('edit_profil', [...])
 5 SYSTEMPATH\CodeIgniter.php(941): App\Controllers\User->edit_profil()
 6 SYSTEMPATH\CodeIgniter.php(502): CodeIgniter\CodeIgniter->runController(Object(App\Controllers\User))
 7 SYSTEMPATH\CodeIgniter.php(361): CodeIgniter\CodeIgniter->handleRequest(null, Object(Config\Cache), false)
 8 FCPATH\index.php(79): CodeIgniter\CodeIgniter->run()
 9 SYSTEMPATH\Commands\Server\rewrite.php(47): require_once('D:\\Made\\Website galeri Kanvasa\\public\\index.php')
INFO - 2024-03-04 01:24:44 --> Session: Class initialized using 'CodeIgniter\Session\Handlers\FileHandler' driver.
WARNING - 2024-03-04 01:24:44 --> [DEPRECATED] Creation of dynamic property App\Controllers\User::$validation is deprecated in APPPATH\Controllers\User.php on line 14.
 1 SYSTEMPATH\CodeIgniter.php(913): App\Controllers\User->__construct()
 2 SYSTEMPATH\CodeIgniter.php(493): CodeIgniter\CodeIgniter->createController()
 3 SYSTEMPATH\CodeIgniter.php(361): CodeIgniter\CodeIgniter->handleRequest(null, Object(Config\Cache), false)
 4 FCPATH\index.php(79): CodeIgniter\CodeIgniter->run()
 5 SYSTEMPATH\Commands\Server\rewrite.php(47): require_once('D:\\Made\\Website galeri Kanvasa\\public\\index.php')
INFO - 2024-03-04 01:24:44 --> Session: Class initialized using 'CodeIgniter\Session\Handlers\FileHandler' driver.
WARNING - 2024-03-04 01:24:44 --> [DEPRECATED] Creation of dynamic property App\Controllers\User::$validation is deprecated in APPPATH\Controllers\User.php on line 14.
 1 SYSTEMPATH\CodeIgniter.php(913): App\Controllers\User->__construct()
 2 SYSTEMPATH\CodeIgniter.php(493): CodeIgniter\CodeIgniter->createController()
 3 SYSTEMPATH\CodeIgniter.php(361): CodeIgniter\CodeIgniter->handleRequest(null, Object(Config\Cache), false)
 4 FCPATH\index.php(79): CodeIgniter\CodeIgniter->run()
 5 SYSTEMPATH\Commands\Server\rewrite.php(47): require_once('D:\\Made\\Website galeri Kanvasa\\public\\index.php')
WARNING - 2024-03-04 01:24:44 --> [DEPRECATED] Creation of dynamic property CodeIgniter\View\View::$session is deprecated in APPPATH\Views\edit_profil.php on line 5.
 1 SYSTEMPATH\View\View.php(228): include('D:\\Made\\Website galeri Kanvasa\\app\\Views\\edit_profil.php')
 2 SYSTEMPATH\View\View.php(231): CodeIgniter\View\View->CodeIgniter\View\{closure}()
 3 SYSTEMPATH\Common.php(1178): CodeIgniter\View\View->render('edit_profil', [], true)
 4 APPPATH\Controllers\User.php(34): view('edit_profil', [...])
 5 SYSTEMPATH\CodeIgniter.php(941): App\Controllers\User->edit_profil()
 6 SYSTEMPATH\CodeIgniter.php(502): CodeIgniter\CodeIgniter->runController(Object(App\Controllers\User))
 7 SYSTEMPATH\CodeIgniter.php(361): CodeIgniter\CodeIgniter->handleRequest(null, Object(Config\Cache), false)
 8 FCPATH\index.php(79): CodeIgniter\CodeIgniter->run()
 9 SYSTEMPATH\Commands\Server\rewrite.php(47): require_once('D:\\Made\\Website galeri Kanvasa\\public\\index.php')
INFO - 2024-03-04 01:25:02 --> Session: Class initialized using 'CodeIgniter\Session\Handlers\FileHandler' driver.
WARNING - 2024-03-04 01:25:02 --> [DEPRECATED] Creation of dynamic property App\Controllers\User::$validation is deprecated in APPPATH\Controllers\User.php on line 14.
 1 SYSTEMPATH\CodeIgniter.php(913): App\Controllers\User->__construct()
 2 SYSTEMPATH\CodeIgniter.php(493): CodeIgniter\CodeIgniter->createController()
 3 SYSTEMPATH\CodeIgniter.php(361): CodeIgniter\CodeIgniter->handleRequest(null, Object(Config\Cache), false)
 4 FCPATH\index.php(79): CodeIgniter\CodeIgniter->run()
 5 SYSTEMPATH\Commands\Server\rewrite.php(47): require_once('D:\\Made\\Website galeri Kanvasa\\public\\index.php')
INFO - 2024-03-04 01:25:02 --> Session: Class initialized using 'CodeIgniter\Session\Handlers\FileHandler' driver.
WARNING - 2024-03-04 01:25:02 --> [DEPRECATED] Creation of dynamic property App\Controllers\User::$validation is deprecated in APPPATH\Controllers\User.php on line 14.
 1 SYSTEMPATH\CodeIgniter.php(913): App\Controllers\User->__construct()
 2 SYSTEMPATH\CodeIgniter.php(493): CodeIgniter\CodeIgniter->createController()
 3 SYSTEMPATH\CodeIgniter.php(361): CodeIgniter\CodeIgniter->handleRequest(null, Object(Config\Cache), false)
 4 FCPATH\index.php(79): CodeIgniter\CodeIgniter->run()
 5 SYSTEMPATH\Commands\Server\rewrite.php(47): require_once('D:\\Made\\Website galeri Kanvasa\\public\\index.php')
WARNING - 2024-03-04 01:25:02 --> [DEPRECATED] Creation of dynamic property CodeIgniter\View\View::$session is deprecated in APPPATH\Views\edit_profil.php on line 5.
 1 SYSTEMPATH\View\View.php(228): include('D:\\Made\\Website galeri Kanvasa\\app\\Views\\edit_profil.php')
 2 SYSTEMPATH\View\View.php(231): CodeIgniter\View\View->CodeIgniter\View\{closure}()
 3 SYSTEMPATH\Common.php(1178): CodeIgniter\View\View->render('edit_profil', [], true)
 4 APPPATH\Controllers\User.php(34): view('edit_profil', [...])
 5 SYSTEMPATH\CodeIgniter.php(941): App\Controllers\User->edit_profil()
 6 SYSTEMPATH\CodeIgniter.php(502): CodeIgniter\CodeIgniter->runController(Object(App\Controllers\User))
 7 SYSTEMPATH\CodeIgniter.php(361): CodeIgniter\CodeIgniter->handleRequest(null, Object(Config\Cache), false)
 8 FCPATH\index.php(79): CodeIgniter\CodeIgniter->run()
 9 SYSTEMPATH\Commands\Server\rewrite.php(47): require_once('D:\\Made\\Website galeri Kanvasa\\public\\index.php')
INFO - 2024-03-04 01:25:23 --> Session: Class initialized using 'CodeIgniter\Session\Handlers\FileHandler' driver.
WARNING - 2024-03-04 01:25:23 --> [DEPRECATED] Creation of dynamic property App\Controllers\User::$validation is deprecated in APPPATH\Controllers\User.php on line 14.
 1 SYSTEMPATH\CodeIgniter.php(913): App\Controllers\User->__construct()
 2 SYSTEMPATH\CodeIgniter.php(493): CodeIgniter\CodeIgniter->createController()
 3 SYSTEMPATH\CodeIgniter.php(361): CodeIgniter\CodeIgniter->handleRequest(null, Object(Config\Cache), false)
 4 FCPATH\index.php(79): CodeIgniter\CodeIgniter->run()
 5 SYSTEMPATH\Commands\Server\rewrite.php(47): require_once('D:\\Made\\Website galeri Kanvasa\\public\\index.php')
INFO - 2024-03-04 01:25:23 --> Session: Class initialized using 'CodeIgniter\Session\Handlers\FileHandler' driver.
WARNING - 2024-03-04 01:25:23 --> [DEPRECATED] Creation of dynamic property App\Controllers\User::$validation is deprecated in APPPATH\Controllers\User.php on line 14.
 1 SYSTEMPATH\CodeIgniter.php(913): App\Controllers\User->__construct()
 2 SYSTEMPATH\CodeIgniter.php(493): CodeIgniter\CodeIgniter->createController()
 3 SYSTEMPATH\CodeIgniter.php(361): CodeIgniter\CodeIgniter->handleRequest(null, Object(Config\Cache), false)
 4 FCPATH\index.php(79): CodeIgniter\CodeIgniter->run()
 5 SYSTEMPATH\Commands\Server\rewrite.php(47): require_once('D:\\Made\\Website galeri Kanvasa\\public\\index.php')
WARNING - 2024-03-04 01:25:23 --> [DEPRECATED] Creation of dynamic property CodeIgniter\View\View::$session is deprecated in APPPATH\Views\edit_profil.php on line 5.
 1 SYSTEMPATH\View\View.php(228): include('D:\\Made\\Website galeri Kanvasa\\app\\Views\\edit_profil.php')
 2 SYSTEMPATH\View\View.php(231): CodeIgniter\View\View->CodeIgniter\View\{closure}()
 3 SYSTEMPATH\Common.php(1178): CodeIgniter\View\View->render('edit_profil', [], true)
 4 APPPATH\Controllers\User.php(34): view('edit_profil', [...])
 5 SYSTEMPATH\CodeIgniter.php(941): App\Controllers\User->edit_profil()
 6 SYSTEMPATH\CodeIgniter.php(502): CodeIgniter\CodeIgniter->runController(Object(App\Controllers\User))
 7 SYSTEMPATH\CodeIgniter.php(361): CodeIgniter\CodeIgniter->handleRequest(null, Object(Config\Cache), false)
 8 FCPATH\index.php(79): CodeIgniter\CodeIgniter->run()
 9 SYSTEMPATH\Commands\Server\rewrite.php(47): require_once('D:\\Made\\Website galeri Kanvasa\\public\\index.php')
INFO - 2024-03-04 01:25:26 --> Session: Class initialized using 'CodeIgniter\Session\Handlers\FileHandler' driver.
WARNING - 2024-03-04 01:25:26 --> [DEPRECATED] Creation of dynamic property App\Controllers\User::$validation is deprecated in APPPATH\Controllers\User.php on line 14.
 1 SYSTEMPATH\CodeIgniter.php(913): App\Controllers\User->__construct()
 2 SYSTEMPATH\CodeIgniter.php(493): CodeIgniter\CodeIgniter->createController()
 3 SYSTEMPATH\CodeIgniter.php(361): CodeIgniter\CodeIgniter->handleRequest(null, Object(Config\Cache), false)
 4 FCPATH\index.php(79): CodeIgniter\CodeIgniter->run()
 5 SYSTEMPATH\Commands\Server\rewrite.php(47): require_once('D:\\Made\\Website galeri Kanvasa\\public\\index.php')
INFO - 2024-03-04 01:25:26 --> Session: Class initialized using 'CodeIgniter\Session\Handlers\FileHandler' driver.
WARNING - 2024-03-04 01:25:26 --> [DEPRECATED] Creation of dynamic property App\Controllers\User::$validation is deprecated in APPPATH\Controllers\User.php on line 14.
 1 SYSTEMPATH\CodeIgniter.php(913): App\Controllers\User->__construct()
 2 SYSTEMPATH\CodeIgniter.php(493): CodeIgniter\CodeIgniter->createController()
 3 SYSTEMPATH\CodeIgniter.php(361): CodeIgniter\CodeIgniter->handleRequest(null, Object(Config\Cache), false)
 4 FCPATH\index.php(79): CodeIgniter\CodeIgniter->run()
 5 SYSTEMPATH\Commands\Server\rewrite.php(47): require_once('D:\\Made\\Website galeri Kanvasa\\public\\index.php')
WARNING - 2024-03-04 01:25:26 --> [DEPRECATED] Creation of dynamic property CodeIgniter\View\View::$session is deprecated in APPPATH\Views\edit_profil.php on line 5.
 1 SYSTEMPATH\View\View.php(228): include('D:\\Made\\Website galeri Kanvasa\\app\\Views\\edit_profil.php')
 2 SYSTEMPATH\View\View.php(231): CodeIgniter\View\View->CodeIgniter\View\{closure}()
 3 SYSTEMPATH\Common.php(1178): CodeIgniter\View\View->render('edit_profil', [], true)
 4 APPPATH\Controllers\User.php(34): view('edit_profil', [...])
 5 SYSTEMPATH\CodeIgniter.php(941): App\Controllers\User->edit_profil()
 6 SYSTEMPATH\CodeIgniter.php(502): CodeIgniter\CodeIgniter->runController(Object(App\Controllers\User))
 7 SYSTEMPATH\CodeIgniter.php(361): CodeIgniter\CodeIgniter->handleRequest(null, Object(Config\Cache), false)
 8 FCPATH\index.php(79): CodeIgniter\CodeIgniter->run()
 9 SYSTEMPATH\Commands\Server\rewrite.php(47): require_once('D:\\Made\\Website galeri Kanvasa\\public\\index.php')
INFO - 2024-03-04 01:25:30 --> Session: Class initialized using 'CodeIgniter\Session\Handlers\FileHandler' driver.
WARNING - 2024-03-04 01:25:30 --> [DEPRECATED] Creation of dynamic property App\Controllers\User::$validation is deprecated in APPPATH\Controllers\User.php on line 14.
 1 SYSTEMPATH\CodeIgniter.php(913): App\Controllers\User->__construct()
 2 SYSTEMPATH\CodeIgniter.php(493): CodeIgniter\CodeIgniter->createController()
 3 SYSTEMPATH\CodeIgniter.php(361): CodeIgniter\CodeIgniter->handleRequest(null, Object(Config\Cache), false)
 4 FCPATH\index.php(79): CodeIgniter\CodeIgniter->run()
 5 SYSTEMPATH\Commands\Server\rewrite.php(47): require_once('D:\\Made\\Website galeri Kanvasa\\public\\index.php')
INFO - 2024-03-04 01:25:30 --> Session: Class initialized using 'CodeIgniter\Session\Handlers\FileHandler' driver.
WARNING - 2024-03-04 01:25:30 --> [DEPRECATED] Creation of dynamic property App\Controllers\User::$validation is deprecated in APPPATH\Controllers\User.php on line 14.
 1 SYSTEMPATH\CodeIgniter.php(913): App\Controllers\User->__construct()
 2 SYSTEMPATH\CodeIgniter.php(493): CodeIgniter\CodeIgniter->createController()
 3 SYSTEMPATH\CodeIgniter.php(361): CodeIgniter\CodeIgniter->handleRequest(null, Object(Config\Cache), false)
 4 FCPATH\index.php(79): CodeIgniter\CodeIgniter->run()
 5 SYSTEMPATH\Commands\Server\rewrite.php(47): require_once('D:\\Made\\Website galeri Kanvasa\\public\\index.php')
WARNING - 2024-03-04 01:25:30 --> [DEPRECATED] Creation of dynamic property CodeIgniter\View\View::$session is deprecated in APPPATH\Views\edit_profil.php on line 5.
 1 SYSTEMPATH\View\View.php(228): include('D:\\Made\\Website galeri Kanvasa\\app\\Views\\edit_profil.php')
 2 SYSTEMPATH\View\View.php(231): CodeIgniter\View\View->CodeIgniter\View\{closure}()
 3 SYSTEMPATH\Common.php(1178): CodeIgniter\View\View->render('edit_profil', [], true)
 4 APPPATH\Controllers\User.php(34): view('edit_profil', [...])
 5 SYSTEMPATH\CodeIgniter.php(941): App\Controllers\User->edit_profil()
 6 SYSTEMPATH\CodeIgniter.php(502): CodeIgniter\CodeIgniter->runController(Object(App\Controllers\User))
 7 SYSTEMPATH\CodeIgniter.php(361): CodeIgniter\CodeIgniter->handleRequest(null, Object(Config\Cache), false)
 8 FCPATH\index.php(79): CodeIgniter\CodeIgniter->run()
 9 SYSTEMPATH\Commands\Server\rewrite.php(47): require_once('D:\\Made\\Website galeri Kanvasa\\public\\index.php')
INFO - 2024-03-04 01:25:46 --> Session: Class initialized using 'CodeIgniter\Session\Handlers\FileHandler' driver.
WARNING - 2024-03-04 01:25:46 --> [DEPRECATED] Creation of dynamic property App\Controllers\Post::$validation is deprecated in APPPATH\Controllers\Post.php on line 18.
 1 SYSTEMPATH\CodeIgniter.php(913): App\Controllers\Post->__construct()
 2 SYSTEMPATH\CodeIgniter.php(493): CodeIgniter\CodeIgniter->createController()
 3 SYSTEMPATH\CodeIgniter.php(361): CodeIgniter\CodeIgniter->handleRequest(null, Object(Config\Cache), false)
 4 FCPATH\index.php(79): CodeIgniter\CodeIgniter->run()
 5 SYSTEMPATH\Commands\Server\rewrite.php(47): require_once('D:\\Made\\Website galeri Kanvasa\\public\\index.php')
WARNING - 2024-03-04 01:25:46 --> [DEPRECATED] Creation of dynamic property CodeIgniter\View\View::$session is deprecated in APPPATH\Views\Layout\Base.php on line 6.
 1 SYSTEMPATH\View\View.php(228): include('D:\\Made\\Website galeri Kanvasa\\app\\Views\\Layout\\Base.php')
 2 SYSTEMPATH\View\View.php(231): CodeIgniter\View\View->CodeIgniter\View\{closure}()
 3 SYSTEMPATH\View\View.php(244): CodeIgniter\View\View->render('Layout/Base', [], true)
 4 SYSTEMPATH\Common.php(1178): CodeIgniter\View\View->render('jelajah', [], true)
 5 APPPATH\Controllers\Post.php(167): view('jelajah', [...])
 6 SYSTEMPATH\CodeIgniter.php(941): App\Controllers\Post->search()
 7 SYSTEMPATH\CodeIgniter.php(502): CodeIgniter\CodeIgniter->runController(Object(App\Controllers\Post))
 8 SYSTEMPATH\CodeIgniter.php(361): CodeIgniter\CodeIgniter->handleRequest(null, Object(Config\Cache), false)
 9 FCPATH\index.php(79): CodeIgniter\CodeIgniter->run()
10 SYSTEMPATH\Commands\Server\rewrite.php(47): require_once('D:\\Made\\Website galeri Kanvasa\\public\\index.php')
INFO - 2024-03-04 01:25:51 --> Session: Class initialized using 'CodeIgniter\Session\Handlers\FileHandler' driver.
WARNING - 2024-03-04 01:25:51 --> [DEPRECATED] Creation of dynamic property CodeIgniter\View\View::$session is deprecated in APPPATH\Views\Layout\Base.php on line 6.
 1 SYSTEMPATH\View\View.php(228): include('D:\\Made\\Website galeri Kanvasa\\app\\Views\\Layout\\Base.php')
 2 SYSTEMPATH\View\View.php(231): CodeIgniter\View\View->CodeIgniter\View\{closure}()
 3 SYSTEMPATH\View\View.php(244): CodeIgniter\View\View->render('Layout/Base', [], true)
 4 SYSTEMPATH\Common.php(1178): CodeIgniter\View\View->render('beranda', [], true)
 5 APPPATH\Controllers\Home.php(38): view('beranda', [...])
 6 SYSTEMPATH\CodeIgniter.php(941): App\Controllers\Home->index()
 7 SYSTEMPATH\CodeIgniter.php(502): CodeIgniter\CodeIgniter->runController(Object(App\Controllers\Home))
 8 SYSTEMPATH\CodeIgniter.php(361): CodeIgniter\CodeIgniter->handleRequest(null, Object(Config\Cache), false)
 9 FCPATH\index.php(79): CodeIgniter\CodeIgniter->run()
10 SYSTEMPATH\Commands\Server\rewrite.php(47): require_once('D:\\Made\\Website galeri Kanvasa\\public\\index.php')
INFO - 2024-03-04 01:25:53 --> Session: Class initialized using 'CodeIgniter\Session\Handlers\FileHandler' driver.
WARNING - 2024-03-04 01:25:53 --> [DEPRECATED] Creation of dynamic property CodeIgniter\View\View::$session is deprecated in APPPATH\Views\Layout\Base.php on line 6.
 1 SYSTEMPATH\View\View.php(228): include('D:\\Made\\Website galeri Kanvasa\\app\\Views\\Layout\\Base.php')
 2 SYSTEMPATH\View\View.php(231): CodeIgniter\View\View->CodeIgniter\View\{closure}()
 3 SYSTEMPATH\View\View.php(244): CodeIgniter\View\View->render('Layout/Base', [], true)
 4 SYSTEMPATH\Common.php(1178): CodeIgniter\View\View->render('detail', [], true)
 5 APPPATH\Controllers\Home.php(95): view('detail', [...])
 6 SYSTEMPATH\CodeIgniter.php(941): App\Controllers\Home->detail('13')
 7 SYSTEMPATH\CodeIgniter.php(502): CodeIgniter\CodeIgniter->runController(Object(App\Controllers\Home))
 8 SYSTEMPATH\CodeIgniter.php(361): CodeIgniter\CodeIgniter->handleRequest(null, Object(Config\Cache), false)
 9 FCPATH\index.php(79): CodeIgniter\CodeIgniter->run()
10 SYSTEMPATH\Commands\Server\rewrite.php(47): require_once('D:\\Made\\Website galeri Kanvasa\\public\\index.php')
INFO - 2024-03-04 01:25:54 --> Session: Class initialized using 'CodeIgniter\Session\Handlers\FileHandler' driver.
INFO - 2024-03-04 01:25:54 --> Session: Class initialized using 'CodeIgniter\Session\Handlers\FileHandler' driver.
WARNING - 2024-03-04 01:25:54 --> [DEPRECATED] Creation of dynamic property CodeIgniter\View\View::$session is deprecated in APPPATH\Views\Layout\Base.php on line 6.
 1 SYSTEMPATH\View\View.php(228): include('D:\\Made\\Website galeri Kanvasa\\app\\Views\\Layout\\Base.php')
 2 SYSTEMPATH\View\View.php(231): CodeIgniter\View\View->CodeIgniter\View\{closure}()
 3 SYSTEMPATH\View\View.php(244): CodeIgniter\View\View->render('Layout/Base', [], true)
 4 SYSTEMPATH\Common.php(1178): CodeIgniter\View\View->render('detail', [], true)
 5 APPPATH\Controllers\Home.php(95): view('detail', [...])
 6 SYSTEMPATH\CodeIgniter.php(941): App\Controllers\Home->detail('13')
 7 SYSTEMPATH\CodeIgniter.php(502): CodeIgniter\CodeIgniter->runController(Object(App\Controllers\Home))
 8 SYSTEMPATH\CodeIgniter.php(361): CodeIgniter\CodeIgniter->handleRequest(null, Object(Config\Cache), false)
 9 FCPATH\index.php(79): CodeIgniter\CodeIgniter->run()
10 SYSTEMPATH\Commands\Server\rewrite.php(47): require_once('D:\\Made\\Website galeri Kanvasa\\public\\index.php')
INFO - 2024-03-04 01:26:32 --> Session: Class initialized using 'CodeIgniter\Session\Handlers\FileHandler' driver.
WARNING - 2024-03-04 01:26:32 --> [DEPRECATED] Creation of dynamic property App\Controllers\Albumitem::$validation is deprecated in APPPATH\Controllers\Albumitem.php on line 21.
 1 SYSTEMPATH\CodeIgniter.php(913): App\Controllers\Albumitem->__construct()
 2 SYSTEMPATH\CodeIgniter.php(493): CodeIgniter\CodeIgniter->createController()
 3 SYSTEMPATH\CodeIgniter.php(361): CodeIgniter\CodeIgniter->handleRequest(null, Object(Config\Cache), false)
 4 FCPATH\index.php(79): CodeIgniter\CodeIgniter->run()
 5 SYSTEMPATH\Commands\Server\rewrite.php(47): require_once('D:\\Made\\Website galeri Kanvasa\\public\\index.php')
INFO - 2024-03-04 01:26:32 --> Session: Class initialized using 'CodeIgniter\Session\Handlers\FileHandler' driver.
WARNING - 2024-03-04 01:26:32 --> [DEPRECATED] Creation of dynamic property CodeIgniter\View\View::$session is deprecated in APPPATH\Views\Layout\Base.php on line 6.
 1 SYSTEMPATH\View\View.php(228): include('D:\\Made\\Website galeri Kanvasa\\app\\Views\\Layout\\Base.php')
 2 SYSTEMPATH\View\View.php(231): CodeIgniter\View\View->CodeIgniter\View\{closure}()
 3 SYSTEMPATH\View\View.php(244): CodeIgniter\View\View->render('Layout/Base', [], true)
 4 SYSTEMPATH\Common.php(1178): CodeIgniter\View\View->render('detail', [], true)
 5 APPPATH\Controllers\Home.php(95): view('detail', [...])
 6 SYSTEMPATH\CodeIgniter.php(941): App\Controllers\Home->detail('13')
 7 SYSTEMPATH\CodeIgniter.php(502): CodeIgniter\CodeIgniter->runController(Object(App\Controllers\Home))
 8 SYSTEMPATH\CodeIgniter.php(361): CodeIgniter\CodeIgniter->handleRequest(null, Object(Config\Cache), false)
 9 FCPATH\index.php(79): CodeIgniter\CodeIgniter->run()
10 SYSTEMPATH\Commands\Server\rewrite.php(47): require_once('D:\\Made\\Website galeri Kanvasa\\public\\index.php')
INFO - 2024-03-04 01:26:34 --> Session: Class initialized using 'CodeIgniter\Session\Handlers\FileHandler' driver.
WARNING - 2024-03-04 01:26:34 --> [DEPRECATED] Creation of dynamic property CodeIgniter\View\View::$session is deprecated in APPPATH\Views\Layout\Base.php on line 6.
 1 SYSTEMPATH\View\View.php(228): include('D:\\Made\\Website galeri Kanvasa\\app\\Views\\Layout\\Base.php')
 2 SYSTEMPATH\View\View.php(231): CodeIgniter\View\View->CodeIgniter\View\{closure}()
 3 SYSTEMPATH\View\View.php(244): CodeIgniter\View\View->render('Layout/Base', [], true)
 4 SYSTEMPATH\Common.php(1178): CodeIgniter\View\View->render('beranda', [], true)
 5 APPPATH\Controllers\Home.php(38): view('beranda', [...])
 6 SYSTEMPATH\CodeIgniter.php(941): App\Controllers\Home->index()
 7 SYSTEMPATH\CodeIgniter.php(502): CodeIgniter\CodeIgniter->runController(Object(App\Controllers\Home))
 8 SYSTEMPATH\CodeIgniter.php(361): CodeIgniter\CodeIgniter->handleRequest(null, Object(Config\Cache), false)
 9 FCPATH\index.php(79): CodeIgniter\CodeIgniter->run()
10 SYSTEMPATH\Commands\Server\rewrite.php(47): require_once('D:\\Made\\Website galeri Kanvasa\\public\\index.php')
INFO - 2024-03-04 01:26:37 --> Session: Class initialized using 'CodeIgniter\Session\Handlers\FileHandler' driver.
WARNING - 2024-03-04 01:26:37 --> [DEPRECATED] Creation of dynamic property CodeIgniter\View\View::$session is deprecated in APPPATH\Views\Layout\Base.php on line 6.
 1 SYSTEMPATH\View\View.php(228): include('D:\\Made\\Website galeri Kanvasa\\app\\Views\\Layout\\Base.php')
 2 SYSTEMPATH\View\View.php(231): CodeIgniter\View\View->CodeIgniter\View\{closure}()
 3 SYSTEMPATH\View\View.php(244): CodeIgniter\View\View->render('Layout/Base', [], true)
 4 SYSTEMPATH\Common.php(1178): CodeIgniter\View\View->render('jelajah', [], true)
 5 APPPATH\Controllers\Home.php(58): view('jelajah', [...])
 6 SYSTEMPATH\CodeIgniter.php(941): App\Controllers\Home->jelajah()
 7 SYSTEMPATH\CodeIgniter.php(502): CodeIgniter\CodeIgniter->runController(Object(App\Controllers\Home))
 8 SYSTEMPATH\CodeIgniter.php(361): CodeIgniter\CodeIgniter->handleRequest(null, Object(Config\Cache), false)
 9 FCPATH\index.php(79): CodeIgniter\CodeIgniter->run()
10 SYSTEMPATH\Commands\Server\rewrite.php(47): require_once('D:\\Made\\Website galeri Kanvasa\\public\\index.php')
INFO - 2024-03-04 01:31:15 --> Session: Class initialized using 'CodeIgniter\Session\Handlers\FileHandler' driver.
WARNING - 2024-03-04 01:31:15 --> [DEPRECATED] Creation of dynamic property CodeIgniter\View\View::$session is deprecated in APPPATH\Views\Layout\Base.php on line 6.
 1 SYSTEMPATH\View\View.php(228): include('D:\\Made\\Website galeri Kanvasa\\app\\Views\\Layout\\Base.php')
 2 SYSTEMPATH\View\View.php(231): CodeIgniter\View\View->CodeIgniter\View\{closure}()
 3 SYSTEMPATH\View\View.php(244): CodeIgniter\View\View->render('Layout/Base', [], true)
 4 SYSTEMPATH\Common.php(1178): CodeIgniter\View\View->render('jelajah', [], true)
 5 APPPATH\Controllers\Home.php(58): view('jelajah', [...])
 6 SYSTEMPATH\CodeIgniter.php(941): App\Controllers\Home->jelajah()
 7 SYSTEMPATH\CodeIgniter.php(502): CodeIgniter\CodeIgniter->runController(Object(App\Controllers\Home))
 8 SYSTEMPATH\CodeIgniter.php(361): CodeIgniter\CodeIgniter->handleRequest(null, Object(Config\Cache), false)
 9 FCPATH\index.php(79): CodeIgniter\CodeIgniter->run()
10 SYSTEMPATH\Commands\Server\rewrite.php(47): require_once('D:\\Made\\Website galeri Kanvasa\\public\\index.php')
INFO - 2024-03-04 01:31:23 --> Session: Class initialized using 'CodeIgniter\Session\Handlers\FileHandler' driver.
WARNING - 2024-03-04 01:31:23 --> [DEPRECATED] Creation of dynamic property CodeIgniter\View\View::$session is deprecated in APPPATH\Views\Layout\Base.php on line 6.
 1 SYSTEMPATH\View\View.php(228): include('D:\\Made\\Website galeri Kanvasa\\app\\Views\\Layout\\Base.php')
 2 SYSTEMPATH\View\View.php(231): CodeIgniter\View\View->CodeIgniter\View\{closure}()
 3 SYSTEMPATH\View\View.php(244): CodeIgniter\View\View->render('Layout/Base', [], true)
 4 SYSTEMPATH\Common.php(1178): CodeIgniter\View\View->render('detail', [], true)
 5 APPPATH\Controllers\Home.php(95): view('detail', [...])
 6 SYSTEMPATH\CodeIgniter.php(941): App\Controllers\Home->detail('27')
 7 SYSTEMPATH\CodeIgniter.php(502): CodeIgniter\CodeIgniter->runController(Object(App\Controllers\Home))
 8 SYSTEMPATH\CodeIgniter.php(361): CodeIgniter\CodeIgniter->handleRequest(null, Object(Config\Cache), false)
 9 FCPATH\index.php(79): CodeIgniter\CodeIgniter->run()
10 SYSTEMPATH\Commands\Server\rewrite.php(47): require_once('D:\\Made\\Website galeri Kanvasa\\public\\index.php')
INFO - 2024-03-04 01:31:24 --> Session: Class initialized using 'CodeIgniter\Session\Handlers\FileHandler' driver.
WARNING - 2024-03-04 01:31:25 --> [DEPRECATED] Creation of dynamic property CodeIgniter\View\View::$session is deprecated in APPPATH\Views\Layout\Base.php on line 6.
 1 SYSTEMPATH\View\View.php(228): include('D:\\Made\\Website galeri Kanvasa\\app\\Views\\Layout\\Base.php')
 2 SYSTEMPATH\View\View.php(231): CodeIgniter\View\View->CodeIgniter\View\{closure}()
 3 SYSTEMPATH\View\View.php(244): CodeIgniter\View\View->render('Layout/Base', [], true)
 4 SYSTEMPATH\Common.php(1178): CodeIgniter\View\View->render('beranda', [], true)
 5 APPPATH\Controllers\Home.php(38): view('beranda', [...])
 6 SYSTEMPATH\CodeIgniter.php(941): App\Controllers\Home->index()
 7 SYSTEMPATH\CodeIgniter.php(502): CodeIgniter\CodeIgniter->runController(Object(App\Controllers\Home))
 8 SYSTEMPATH\CodeIgniter.php(361): CodeIgniter\CodeIgniter->handleRequest(null, Object(Config\Cache), false)
 9 FCPATH\index.php(79): CodeIgniter\CodeIgniter->run()
10 SYSTEMPATH\Commands\Server\rewrite.php(47): require_once('D:\\Made\\Website galeri Kanvasa\\public\\index.php')
INFO - 2024-03-04 01:31:29 --> Session: Class initialized using 'CodeIgniter\Session\Handlers\FileHandler' driver.
WARNING - 2024-03-04 01:31:29 --> [DEPRECATED] Creation of dynamic property CodeIgniter\View\View::$session is deprecated in APPPATH\Views\Layout\Base.php on line 6.
 1 SYSTEMPATH\View\View.php(228): include('D:\\Made\\Website galeri Kanvasa\\app\\Views\\Layout\\Base.php')
 2 SYSTEMPATH\View\View.php(231): CodeIgniter\View\View->CodeIgniter\View\{closure}()
 3 SYSTEMPATH\View\View.php(244): CodeIgniter\View\View->render('Layout/Base', [], true)
 4 SYSTEMPATH\Common.php(1178): CodeIgniter\View\View->render('jelajah', [], true)
 5 APPPATH\Controllers\Home.php(58): view('jelajah', [...])
 6 SYSTEMPATH\CodeIgniter.php(941): App\Controllers\Home->jelajah()
 7 SYSTEMPATH\CodeIgniter.php(502): CodeIgniter\CodeIgniter->runController(Object(App\Controllers\Home))
 8 SYSTEMPATH\CodeIgniter.php(361): CodeIgniter\CodeIgniter->handleRequest(null, Object(Config\Cache), false)
 9 FCPATH\index.php(79): CodeIgniter\CodeIgniter->run()
10 SYSTEMPATH\Commands\Server\rewrite.php(47): require_once('D:\\Made\\Website galeri Kanvasa\\public\\index.php')
INFO - 2024-03-04 01:31:45 --> Session: Class initialized using 'CodeIgniter\Session\Handlers\FileHandler' driver.
WARNING - 2024-03-04 01:31:45 --> [DEPRECATED] Creation of dynamic property CodeIgniter\View\View::$session is deprecated in APPPATH\Views\Layout\Base.php on line 6.
 1 SYSTEMPATH\View\View.php(228): include('D:\\Made\\Website galeri Kanvasa\\app\\Views\\Layout\\Base.php')
 2 SYSTEMPATH\View\View.php(231): CodeIgniter\View\View->CodeIgniter\View\{closure}()
 3 SYSTEMPATH\View\View.php(244): CodeIgniter\View\View->render('Layout/Base', [], true)
 4 SYSTEMPATH\Common.php(1178): CodeIgniter\View\View->render('jelajah', [], true)
 5 APPPATH\Controllers\Home.php(58): view('jelajah', [...])
 6 SYSTEMPATH\CodeIgniter.php(941): App\Controllers\Home->jelajah()
 7 SYSTEMPATH\CodeIgniter.php(502): CodeIgniter\CodeIgniter->runController(Object(App\Controllers\Home))
 8 SYSTEMPATH\CodeIgniter.php(361): CodeIgniter\CodeIgniter->handleRequest(null, Object(Config\Cache), false)
 9 FCPATH\index.php(79): CodeIgniter\CodeIgniter->run()
10 SYSTEMPATH\Commands\Server\rewrite.php(47): require_once('D:\\Made\\Website galeri Kanvasa\\public\\index.php')
INFO - 2024-03-04 01:32:17 --> Session: Class initialized using 'CodeIgniter\Session\Handlers\FileHandler' driver.
WARNING - 2024-03-04 01:32:17 --> [DEPRECATED] Creation of dynamic property CodeIgniter\View\View::$session is deprecated in APPPATH\Views\Layout\Base.php on line 6.
 1 SYSTEMPATH\View\View.php(228): include('D:\\Made\\Website galeri Kanvasa\\app\\Views\\Layout\\Base.php')
 2 SYSTEMPATH\View\View.php(231): CodeIgniter\View\View->CodeIgniter\View\{closure}()
 3 SYSTEMPATH\View\View.php(244): CodeIgniter\View\View->render('Layout/Base', [], true)
 4 SYSTEMPATH\Common.php(1178): CodeIgniter\View\View->render('jelajah', [], true)
 5 APPPATH\Controllers\Home.php(58): view('jelajah', [...])
 6 SYSTEMPATH\CodeIgniter.php(941): App\Controllers\Home->jelajah()
 7 SYSTEMPATH\CodeIgniter.php(502): CodeIgniter\CodeIgniter->runController(Object(App\Controllers\Home))
 8 SYSTEMPATH\CodeIgniter.php(361): CodeIgniter\CodeIgniter->handleRequest(null, Object(Config\Cache), false)
 9 FCPATH\index.php(79): CodeIgniter\CodeIgniter->run()
10 SYSTEMPATH\Commands\Server\rewrite.php(47): require_once('D:\\Made\\Website galeri Kanvasa\\public\\index.php')
INFO - 2024-03-04 01:32:30 --> Session: Class initialized using 'CodeIgniter\Session\Handlers\FileHandler' driver.
WARNING - 2024-03-04 01:32:30 --> [DEPRECATED] Creation of dynamic property CodeIgniter\View\View::$session is deprecated in APPPATH\Views\Layout\Base.php on line 6.
 1 SYSTEMPATH\View\View.php(228): include('D:\\Made\\Website galeri Kanvasa\\app\\Views\\Layout\\Base.php')
 2 SYSTEMPATH\View\View.php(231): CodeIgniter\View\View->CodeIgniter\View\{closure}()
 3 SYSTEMPATH\View\View.php(244): CodeIgniter\View\View->render('Layout/Base', [], true)
 4 SYSTEMPATH\Common.php(1178): CodeIgniter\View\View->render('jelajah', [], true)
 5 APPPATH\Controllers\Home.php(58): view('jelajah', [...])
 6 SYSTEMPATH\CodeIgniter.php(941): App\Controllers\Home->jelajah()
 7 SYSTEMPATH\CodeIgniter.php(502): CodeIgniter\CodeIgniter->runController(Object(App\Controllers\Home))
 8 SYSTEMPATH\CodeIgniter.php(361): CodeIgniter\CodeIgniter->handleRequest(null, Object(Config\Cache), false)
 9 FCPATH\index.php(79): CodeIgniter\CodeIgniter->run()
10 SYSTEMPATH\Commands\Server\rewrite.php(47): require_once('D:\\Made\\Website galeri Kanvasa\\public\\index.php')
INFO - 2024-03-04 01:32:39 --> Session: Class initialized using 'CodeIgniter\Session\Handlers\FileHandler' driver.
WARNING - 2024-03-04 01:32:39 --> [DEPRECATED] Creation of dynamic property CodeIgniter\View\View::$session is deprecated in APPPATH\Views\Layout\Base.php on line 6.
 1 SYSTEMPATH\View\View.php(228): include('D:\\Made\\Website galeri Kanvasa\\app\\Views\\Layout\\Base.php')
 2 SYSTEMPATH\View\View.php(231): CodeIgniter\View\View->CodeIgniter\View\{closure}()
 3 SYSTEMPATH\View\View.php(244): CodeIgniter\View\View->render('Layout/Base', [], true)
 4 SYSTEMPATH\Common.php(1178): CodeIgniter\View\View->render('jelajah', [], true)
 5 APPPATH\Controllers\Home.php(58): view('jelajah', [...])
 6 SYSTEMPATH\CodeIgniter.php(941): App\Controllers\Home->jelajah()
 7 SYSTEMPATH\CodeIgniter.php(502): CodeIgniter\CodeIgniter->runController(Object(App\Controllers\Home))
 8 SYSTEMPATH\CodeIgniter.php(361): CodeIgniter\CodeIgniter->handleRequest(null, Object(Config\Cache), false)
 9 FCPATH\index.php(79): CodeIgniter\CodeIgniter->run()
10 SYSTEMPATH\Commands\Server\rewrite.php(47): require_once('D:\\Made\\Website galeri Kanvasa\\public\\index.php')
INFO - 2024-03-04 01:32:52 --> Session: Class initialized using 'CodeIgniter\Session\Handlers\FileHandler' driver.
WARNING - 2024-03-04 01:32:52 --> [DEPRECATED] Creation of dynamic property App\Controllers\Post::$validation is deprecated in APPPATH\Controllers\Post.php on line 18.
 1 SYSTEMPATH\CodeIgniter.php(913): App\Controllers\Post->__construct()
 2 SYSTEMPATH\CodeIgniter.php(493): CodeIgniter\CodeIgniter->createController()
 3 SYSTEMPATH\CodeIgniter.php(361): CodeIgniter\CodeIgniter->handleRequest(null, Object(Config\Cache), false)
 4 FCPATH\index.php(79): CodeIgniter\CodeIgniter->run()
 5 SYSTEMPATH\Commands\Server\rewrite.php(47): require_once('D:\\Made\\Website galeri Kanvasa\\public\\index.php')
WARNING - 2024-03-04 01:32:52 --> [DEPRECATED] Creation of dynamic property CodeIgniter\View\View::$session is deprecated in APPPATH\Views\Layout\Base.php on line 6.
 1 SYSTEMPATH\View\View.php(228): include('D:\\Made\\Website galeri Kanvasa\\app\\Views\\Layout\\Base.php')
 2 SYSTEMPATH\View\View.php(231): CodeIgniter\View\View->CodeIgniter\View\{closure}()
 3 SYSTEMPATH\View\View.php(244): CodeIgniter\View\View->render('Layout/Base', [], true)
 4 SYSTEMPATH\Common.php(1178): CodeIgniter\View\View->render('jelajah', [], true)
 5 APPPATH\Controllers\Post.php(167): view('jelajah', [...])
 6 SYSTEMPATH\CodeIgniter.php(941): App\Controllers\Post->search()
 7 SYSTEMPATH\CodeIgniter.php(502): CodeIgniter\CodeIgniter->runController(Object(App\Controllers\Post))
 8 SYSTEMPATH\CodeIgniter.php(361): CodeIgniter\CodeIgniter->handleRequest(null, Object(Config\Cache), false)
 9 FCPATH\index.php(79): CodeIgniter\CodeIgniter->run()
10 SYSTEMPATH\Commands\Server\rewrite.php(47): require_once('D:\\Made\\Website galeri Kanvasa\\public\\index.php')
INFO - 2024-03-04 01:32:54 --> Session: Class initialized using 'CodeIgniter\Session\Handlers\FileHandler' driver.
WARNING - 2024-03-04 01:32:54 --> [DEPRECATED] Creation of dynamic property CodeIgniter\View\View::$session is deprecated in APPPATH\Views\Layout\Base.php on line 6.
 1 SYSTEMPATH\View\View.php(228): include('D:\\Made\\Website galeri Kanvasa\\app\\Views\\Layout\\Base.php')
 2 SYSTEMPATH\View\View.php(231): CodeIgniter\View\View->CodeIgniter\View\{closure}()
 3 SYSTEMPATH\View\View.php(244): CodeIgniter\View\View->render('Layout/Base', [], true)
 4 SYSTEMPATH\Common.php(1178): CodeIgniter\View\View->render('beranda', [], true)
 5 APPPATH\Controllers\Home.php(38): view('beranda', [...])
 6 SYSTEMPATH\CodeIgniter.php(941): App\Controllers\Home->index()
 7 SYSTEMPATH\CodeIgniter.php(502): CodeIgniter\CodeIgniter->runController(Object(App\Controllers\Home))
 8 SYSTEMPATH\CodeIgniter.php(361): CodeIgniter\CodeIgniter->handleRequest(null, Object(Config\Cache), false)
 9 FCPATH\index.php(79): CodeIgniter\CodeIgniter->run()
10 SYSTEMPATH\Commands\Server\rewrite.php(47): require_once('D:\\Made\\Website galeri Kanvasa\\public\\index.php')
INFO - 2024-03-04 01:46:08 --> Session: Class initialized using 'CodeIgniter\Session\Handlers\FileHandler' driver.
WARNING - 2024-03-04 01:46:08 --> [DEPRECATED] Creation of dynamic property CodeIgniter\View\View::$session is deprecated in APPPATH\Views\Layout\Base.php on line 6.
 1 SYSTEMPATH\View\View.php(228): include('D:\\Made\\Website galeri Kanvasa\\app\\Views\\Layout\\Base.php')
 2 SYSTEMPATH\View\View.php(231): CodeIgniter\View\View->CodeIgniter\View\{closure}()
 3 SYSTEMPATH\View\View.php(244): CodeIgniter\View\View->render('Layout/Base', [], true)
 4 SYSTEMPATH\Common.php(1178): CodeIgniter\View\View->render('beranda', [], true)
 5 APPPATH\Controllers\Home.php(38): view('beranda', [...])
 6 SYSTEMPATH\CodeIgniter.php(941): App\Controllers\Home->index()
 7 SYSTEMPATH\CodeIgniter.php(502): CodeIgniter\CodeIgniter->runController(Object(App\Controllers\Home))
 8 SYSTEMPATH\CodeIgniter.php(361): CodeIgniter\CodeIgniter->handleRequest(null, Object(Config\Cache), false)
 9 FCPATH\index.php(79): CodeIgniter\CodeIgniter->run()
10 SYSTEMPATH\Commands\Server\rewrite.php(47): require_once('D:\\Made\\Website galeri Kanvasa\\public\\index.php')
INFO - 2024-03-04 02:12:42 --> Session: Class initialized using 'CodeIgniter\Session\Handlers\FileHandler' driver.
WARNING - 2024-03-04 02:12:42 --> [DEPRECATED] Creation of dynamic property App\Controllers\Post::$validation is deprecated in APPPATH\Controllers\Post.php on line 18.
 1 SYSTEMPATH\CodeIgniter.php(913): App\Controllers\Post->__construct()
 2 SYSTEMPATH\CodeIgniter.php(493): CodeIgniter\CodeIgniter->createController()
 3 SYSTEMPATH\CodeIgniter.php(361): CodeIgniter\CodeIgniter->handleRequest(null, Object(Config\Cache), false)
 4 FCPATH\index.php(79): CodeIgniter\CodeIgniter->run()
 5 SYSTEMPATH\Commands\Server\rewrite.php(47): require_once('D:\\Made\\Website galeri Kanvasa\\public\\index.php')
WARNING - 2024-03-04 02:12:42 --> [DEPRECATED] Creation of dynamic property CodeIgniter\View\View::$session is deprecated in APPPATH\Views\buat.php on line 13.
 1 SYSTEMPATH\View\View.php(228): include('D:\\Made\\Website galeri Kanvasa\\app\\Views\\buat.php')
 2 SYSTEMPATH\View\View.php(231): CodeIgniter\View\View->CodeIgniter\View\{closure}()
 3 SYSTEMPATH\Common.php(1178): CodeIgniter\View\View->render('buat', [], true)
 4 APPPATH\Controllers\Post.php(35): view('buat', [...])
 5 SYSTEMPATH\CodeIgniter.php(941): App\Controllers\Post->buat()
 6 SYSTEMPATH\CodeIgniter.php(502): CodeIgniter\CodeIgniter->runController(Object(App\Controllers\Post))
 7 SYSTEMPATH\CodeIgniter.php(361): CodeIgniter\CodeIgniter->handleRequest(null, Object(Config\Cache), false)
 8 FCPATH\index.php(79): CodeIgniter\CodeIgniter->run()
 9 SYSTEMPATH\Commands\Server\rewrite.php(47): require_once('D:\\Made\\Website galeri Kanvasa\\public\\index.php')
INFO - 2024-03-04 02:12:43 --> Session: Class initialized using 'CodeIgniter\Session\Handlers\FileHandler' driver.
WARNING - 2024-03-04 02:12:43 --> [DEPRECATED] Creation of dynamic property App\Controllers\Post::$validation is deprecated in APPPATH\Controllers\Post.php on line 18.
 1 SYSTEMPATH\CodeIgniter.php(913): App\Controllers\Post->__construct()
 2 SYSTEMPATH\CodeIgniter.php(493): CodeIgniter\CodeIgniter->createController()
 3 SYSTEMPATH\CodeIgniter.php(361): CodeIgniter\CodeIgniter->handleRequest(null, Object(Config\Cache), false)
 4 FCPATH\index.php(79): CodeIgniter\CodeIgniter->run()
 5 SYSTEMPATH\Commands\Server\rewrite.php(47): require_once('D:\\Made\\Website galeri Kanvasa\\public\\index.php')
WARNING - 2024-03-04 02:12:43 --> [DEPRECATED] Creation of dynamic property CodeIgniter\View\View::$session is deprecated in APPPATH\Views\buat.php on line 13.
 1 SYSTEMPATH\View\View.php(228): include('D:\\Made\\Website galeri Kanvasa\\app\\Views\\buat.php')
 2 SYSTEMPATH\View\View.php(231): CodeIgniter\View\View->CodeIgniter\View\{closure}()
 3 SYSTEMPATH\Common.php(1178): CodeIgniter\View\View->render('buat', [], true)
 4 APPPATH\Controllers\Post.php(35): view('buat', [...])
 5 SYSTEMPATH\CodeIgniter.php(941): App\Controllers\Post->buat()
 6 SYSTEMPATH\CodeIgniter.php(502): CodeIgniter\CodeIgniter->runController(Object(App\Controllers\Post))
 7 SYSTEMPATH\CodeIgniter.php(361): CodeIgniter\CodeIgniter->handleRequest(null, Object(Config\Cache), false)
 8 FCPATH\index.php(79): CodeIgniter\CodeIgniter->run()
 9 SYSTEMPATH\Commands\Server\rewrite.php(47): require_once('D:\\Made\\Website galeri Kanvasa\\public\\index.php')
INFO - 2024-03-04 02:12:45 --> Session: Class initialized using 'CodeIgniter\Session\Handlers\FileHandler' driver.
INFO - 2024-03-04 02:12:45 --> Session: Class initialized using 'CodeIgniter\Session\Handlers\FileHandler' driver.
WARNING - 2024-03-04 02:12:45 --> [DEPRECATED] Creation of dynamic property CodeIgniter\View\View::$session is deprecated in APPPATH\Views\Layout\Base.php on line 6.
 1 SYSTEMPATH\View\View.php(228): include('D:\\Made\\Website galeri Kanvasa\\app\\Views\\Layout\\Base.php')
 2 SYSTEMPATH\View\View.php(231): CodeIgniter\View\View->CodeIgniter\View\{closure}()
 3 SYSTEMPATH\View\View.php(244): CodeIgniter\View\View->render('Layout/Base', [], true)
 4 SYSTEMPATH\Common.php(1178): CodeIgniter\View\View->render('beranda', [], true)
 5 APPPATH\Controllers\Home.php(38): view('beranda', [...])
 6 SYSTEMPATH\CodeIgniter.php(941): App\Controllers\Home->index()
 7 SYSTEMPATH\CodeIgniter.php(502): CodeIgniter\CodeIgniter->runController(Object(App\Controllers\Home))
 8 SYSTEMPATH\CodeIgniter.php(361): CodeIgniter\CodeIgniter->handleRequest(null, Object(Config\Cache), false)
 9 FCPATH\index.php(79): CodeIgniter\CodeIgniter->run()
10 SYSTEMPATH\Commands\Server\rewrite.php(47): require_once('D:\\Made\\Website galeri Kanvasa\\public\\index.php')
INFO - 2024-03-04 02:12:47 --> Session: Class initialized using 'CodeIgniter\Session\Handlers\FileHandler' driver.
WARNING - 2024-03-04 02:12:47 --> [DEPRECATED] Creation of dynamic property App\Controllers\Post::$validation is deprecated in APPPATH\Controllers\Post.php on line 18.
 1 SYSTEMPATH\CodeIgniter.php(913): App\Controllers\Post->__construct()
 2 SYSTEMPATH\CodeIgniter.php(493): CodeIgniter\CodeIgniter->createController()
 3 SYSTEMPATH\CodeIgniter.php(361): CodeIgniter\CodeIgniter->handleRequest(null, Object(Config\Cache), false)
 4 FCPATH\index.php(79): CodeIgniter\CodeIgniter->run()
 5 SYSTEMPATH\Commands\Server\rewrite.php(47): require_once('D:\\Made\\Website galeri Kanvasa\\public\\index.php')
INFO - 2024-03-04 02:12:48 --> Session: Class initialized using 'CodeIgniter\Session\Handlers\FileHandler' driver.
INFO - 2024-03-04 02:13:08 --> Session: Class initialized using 'CodeIgniter\Session\Handlers\FileHandler' driver.
INFO - 2024-03-04 02:13:08 --> Session: Class initialized using 'CodeIgniter\Session\Handlers\FileHandler' driver.
WARNING - 2024-03-04 02:13:08 --> [DEPRECATED] Creation of dynamic property CodeIgniter\View\View::$session is deprecated in APPPATH\Views\Layout\Base.php on line 6.
 1 SYSTEMPATH\View\View.php(228): include('D:\\Made\\Website galeri Kanvasa\\app\\Views\\Layout\\Base.php')
 2 SYSTEMPATH\View\View.php(231): CodeIgniter\View\View->CodeIgniter\View\{closure}()
 3 SYSTEMPATH\View\View.php(244): CodeIgniter\View\View->render('Layout/Base', [], true)
 4 SYSTEMPATH\Common.php(1178): CodeIgniter\View\View->render('beranda', [], true)
 5 APPPATH\Controllers\Home.php(38): view('beranda', [...])
 6 SYSTEMPATH\CodeIgniter.php(941): App\Controllers\Home->index()
 7 SYSTEMPATH\CodeIgniter.php(502): CodeIgniter\CodeIgniter->runController(Object(App\Controllers\Home))
 8 SYSTEMPATH\CodeIgniter.php(361): CodeIgniter\CodeIgniter->handleRequest(null, Object(Config\Cache), false)
 9 FCPATH\index.php(79): CodeIgniter\CodeIgniter->run()
10 SYSTEMPATH\Commands\Server\rewrite.php(47): require_once('D:\\Made\\Website galeri Kanvasa\\public\\index.php')
INFO - 2024-03-04 02:19:06 --> Session: Class initialized using 'CodeIgniter\Session\Handlers\FileHandler' driver.
INFO - 2024-03-04 02:19:06 --> Session: Class initialized using 'CodeIgniter\Session\Handlers\FileHandler' driver.
WARNING - 2024-03-04 02:19:06 --> [DEPRECATED] Creation of dynamic property CodeIgniter\View\View::$session is deprecated in APPPATH\Views\Layout\Base.php on line 6.
 1 SYSTEMPATH\View\View.php(228): include('D:\\Made\\Website galeri Kanvasa\\app\\Views\\Layout\\Base.php')
 2 SYSTEMPATH\View\View.php(231): CodeIgniter\View\View->CodeIgniter\View\{closure}()
 3 SYSTEMPATH\View\View.php(244): CodeIgniter\View\View->render('Layout/Base', [], true)
 4 SYSTEMPATH\Common.php(1178): CodeIgniter\View\View->render('beranda', [], true)
 5 APPPATH\Controllers\Home.php(38): view('beranda', [...])
 6 SYSTEMPATH\CodeIgniter.php(941): App\Controllers\Home->index()
 7 SYSTEMPATH\CodeIgniter.php(502): CodeIgniter\CodeIgniter->runController(Object(App\Controllers\Home))
 8 SYSTEMPATH\CodeIgniter.php(361): CodeIgniter\CodeIgniter->handleRequest(null, Object(Config\Cache), false)
 9 FCPATH\index.php(79): CodeIgniter\CodeIgniter->run()
10 SYSTEMPATH\Commands\Server\rewrite.php(47): require_once('D:\\Made\\Website galeri Kanvasa\\public\\index.php')
INFO - 2024-03-04 02:19:07 --> Session: Class initialized using 'CodeIgniter\Session\Handlers\FileHandler' driver.
